2024-03-08 07:10:53,583 - WARNING - Neither CUDA nor MPS are available - defaulting to CPU. Note: This module is much faster with a GPU.
2024-03-08 07:10:55,180 - WARNING - Neither CUDA nor MPS are available - defaulting to CPU. Note: This module is much faster with a GPU.
2024-03-08 07:10:56,776 - WARNING - Neither CUDA nor MPS are available - defaulting to CPU. Note: This module is much faster with a GPU.
2024-03-08 07:10:59,721 - INFO - 开始debug
2024-03-08 07:11:16,962 - INFO - 矿石选择成功
2024-03-08 07:11:16,962 - INFO - 找到一块矿石
2024-03-08 07:11:25,811 - INFO - 已经接近矿石
2024-03-08 07:11:59,881 - INFO - 开始锁定并挖矿
2024-03-08 07:12:01,287 - INFO - content: 4,706.3/5,0000m
2024-03-08 07:12:11,288 - INFO - capacity: 47063
2024-03-08 07:12:12,683 - INFO - content: 4,706.3/5,0000m
2024-03-08 07:12:23,698 - INFO - capacity: 47063
2024-03-08 07:12:25,107 - INFO - content: 4,706.3/5,0000m
2024-03-08 07:12:36,118 - INFO - capacity: 47063
2024-03-08 07:12:37,501 - INFO - content: 4,706.3/5,0000m
2024-03-08 07:12:48,548 - INFO - capacity: 47063
2024-03-08 07:12:49,939 - INFO - content: 4,706.3/5,0000m
2024-03-08 07:13:00,985 - INFO - capacity: 47063
2024-03-08 07:13:02,388 - INFO - content: 5,0000/5,0000ma
2024-03-08 07:13:02,388 - INFO - 货舱已满，回家
2024-03-08 07:13:15,046 - INFO - 开始返回空间站
2024-03-08 07:13:26,703 - INFO - 开始“停靠”
2024-03-08 07:14:08,079 - INFO - 已经返回空间站
2024-03-08 07:14:11,840 - INFO - 卸货
2024-03-08 07:14:16,634 - INFO - 出站
2024-03-08 07:14:27,764 - INFO - 找不到要去矿带
2024-03-08 07:15:16,189 - INFO - 到达矿场
2024-03-08 07:15:32,541 - INFO - 矿石选择成功
2024-03-08 07:15:32,543 - INFO - 找到一块矿石
2024-03-08 07:16:35,150 - INFO - 已经接近矿石
2024-03-08 07:17:05,782 - INFO - 开始锁定并挖矿
2024-03-08 07:17:07,165 - INFO - content: 0/5,0000m3
2024-03-08 07:17:17,176 - INFO - capacity: 0
2024-03-08 07:17:18,546 - INFO - content: 0/5,0000m3
2024-03-08 07:17:29,539 - INFO - capacity: 0
2024-03-08 07:17:30,918 - INFO - content: 0/5,0000m
2024-03-08 07:17:41,908 - INFO - capacity: 0
2024-03-08 07:17:43,292 - INFO - content: 0/5,0000m
2024-03-08 07:17:54,288 - INFO - capacity: 0
2024-03-08 07:17:55,667 - INFO - content: 0/5,0000m3
2024-03-08 07:18:06,669 - INFO - capacity: 0
2024-03-08 07:18:08,062 - INFO - content: 317.4/5,0000m3
2024-03-08 07:18:19,064 - INFO - capacity: 3174
2024-03-08 07:18:20,466 - INFO - content: 374.8/5,0000m3
2024-03-08 07:18:31,465 - INFO - capacity: 3748
2024-03-08 07:18:32,858 - INFO - content: 374.8/5,0000m3
2024-03-08 07:18:43,852 - INFO - capacity: 3748
2024-03-08 07:18:45,264 - INFO - content: 374.8/5,0000m3
2024-03-08 07:18:56,224 - INFO - capacity: 3748
2024-03-08 07:18:57,623 - INFO - content: 374.8/5,0000m3
2024-03-08 07:19:08,612 - INFO - capacity: 3748
2024-03-08 07:19:10,015 - INFO - content: 692.2/5,0000m3
2024-03-08 07:19:21,122 - INFO - capacity: 6922
2024-03-08 07:19:22,519 - INFO - content: 749.6/5,000.0m3
2024-03-08 07:19:33,521 - INFO - capacity: 7496
2024-03-08 07:19:34,921 - INFO - content: 749.6/5,000.0m3
2024-03-08 07:19:45,909 - INFO - capacity: 7496
2024-03-08 07:19:47,314 - INFO - content: 749.6/5,000.0m3
2024-03-08 07:19:58,362 - INFO - capacity: 7496
2024-03-08 07:19:59,753 - INFO - content: 749.6/5,000.0m3
2024-03-08 07:20:10,752 - INFO - capacity: 7496
2024-03-08 07:20:12,150 - INFO - content: 1,067.0/5,0000m3
2024-03-08 07:20:23,153 - INFO - capacity: 10670
2024-03-08 07:20:24,552 - INFO - content: 1,124.4/5,0000m3
2024-03-08 07:20:35,555 - INFO - capacity: 11244
2024-03-08 07:20:36,951 - INFO - content: 1,124.4/5,0000m3
2024-03-08 07:20:48,009 - INFO - capacity: 11244
2024-03-08 07:20:49,407 - INFO - content: 1,124.4/5,0000m3
2024-03-08 07:21:00,393 - INFO - capacity: 11244
2024-03-08 07:21:01,789 - INFO - content: 1,283.1/5,0000m3
2024-03-08 07:21:12,806 - INFO - capacity: 12831
2024-03-08 07:21:14,196 - INFO - content: 1,441.8/5,0000m3
2024-03-08 07:21:25,263 - INFO - capacity: 14418
2024-03-08 07:21:26,645 - INFO - content: 1,499.2/5,0000m3
2024-03-08 07:21:37,626 - INFO - capacity: 14992
2024-03-08 07:21:39,012 - INFO - content: 1,499.2/5,0000m3
2024-03-08 07:21:49,994 - INFO - capacity: 14992
2024-03-08 07:21:51,382 - INFO - content: 1,499.2/5,0000m3
2024-03-08 07:22:02,367 - INFO - capacity: 14992
2024-03-08 07:22:03,764 - INFO - content: 1,816.6/5,0000m3
2024-03-08 07:22:14,769 - INFO - capacity: 18166
2024-03-08 07:22:16,166 - INFO - content: 1,816.6/5,000.0m
2024-03-08 07:22:27,236 - INFO - capacity: 18166
2024-03-08 07:22:28,632 - INFO - content: 1,8740/5,0000m3
2024-03-08 07:22:39,656 - INFO - capacity: 18740
2024-03-08 07:22:41,061 - INFO - content: 1,8740/5,0000m3
2024-03-08 07:22:52,051 - INFO - capacity: 18740
2024-03-08 07:22:53,469 - INFO - content: 1,874.0/5,000.0m3
2024-03-08 07:23:04,540 - INFO - capacity: 18740
2024-03-08 07:23:05,939 - INFO - content: 2,191.4/5,0000m3
2024-03-08 07:23:16,949 - INFO - capacity: 21914
2024-03-08 07:23:18,338 - INFO - content: 2,191.4/5,0000m3
2024-03-08 07:23:29,353 - INFO - capacity: 21914
2024-03-08 07:23:30,751 - INFO - content: 2,248.8/5,000.0m
2024-03-08 07:23:41,790 - INFO - capacity: 22488
2024-03-08 07:23:43,180 - INFO - content: 2,248.8/5,000.0m
2024-03-08 07:23:54,164 - INFO - capacity: 22488
2024-03-08 07:23:55,566 - INFO - content: 2,248.8/5,000.0m
2024-03-08 07:24:06,549 - INFO - capacity: 22488
2024-03-08 07:24:07,961 - INFO - content: 2,566.2/5,0000
2024-03-08 07:24:18,961 - INFO - capacity: 25662
2024-03-08 07:24:20,364 - INFO - content: 2,566.2/5,0000
2024-03-08 07:24:31,339 - INFO - capacity: 25662
2024-03-08 07:24:32,751 - INFO - content: 2,623.6/5,0000
2024-03-08 07:24:43,796 - INFO - capacity: 26236
2024-03-08 07:24:45,207 - INFO - content: 2,623.6/5,0000
2024-03-08 07:24:56,212 - INFO - capacity: 26236
2024-03-08 07:24:57,623 - INFO - content: 2,623.6/5,0000
2024-03-08 07:25:08,609 - INFO - capacity: 26236
2024-03-08 07:25:10,003 - INFO - content: 2,941.0/5,000.0m3
2024-03-08 07:25:20,995 - INFO - capacity: 29410
2024-03-08 07:25:22,389 - INFO - content: 2,941.0/5,000.0m3
2024-03-08 07:25:33,362 - INFO - capacity: 29410
2024-03-08 07:25:34,748 - INFO - content: 2,998.4/5,0000m
2024-03-08 07:25:45,773 - INFO - capacity: 29984
2024-03-08 07:25:47,168 - INFO - content: 2,998.4/5,0000m
2024-03-08 07:25:58,171 - INFO - capacity: 29984
2024-03-08 07:25:59,573 - INFO - content: 2,998.4/5,0000m
2024-03-08 07:26:10,576 - INFO - capacity: 29984
2024-03-08 07:26:11,974 - INFO - content: 3,315.8/5,0000m
2024-03-08 07:26:22,984 - INFO - capacity: 33158
2024-03-08 07:26:24,370 - INFO - content: 3,315.8/5,0000m
2024-03-08 07:26:35,346 - INFO - capacity: 33158
2024-03-08 07:26:36,742 - INFO - content: 3,373.2/5,0000m3
2024-03-08 07:26:47,717 - INFO - capacity: 33732
2024-03-08 07:26:49,100 - INFO - content: 3,373.2/5,0000m3
2024-03-08 07:27:00,149 - INFO - capacity: 33732
2024-03-08 07:27:01,557 - INFO - content: 3,373.2/5,0000m3
2024-03-08 07:27:12,599 - INFO - capacity: 33732
2024-03-08 07:27:13,985 - INFO - content: 3,690.6/5,0000ma
2024-03-08 07:27:25,029 - INFO - capacity: 36906
2024-03-08 07:27:26,414 - INFO - content: 3,690.6/5,0000ma
2024-03-08 07:27:37,428 - INFO - capacity: 36906
2024-03-08 07:27:38,818 - INFO - content: 3,748.0/5,0000m
2024-03-08 07:27:49,835 - INFO - capacity: 37480
2024-03-08 07:27:51,237 - INFO - content: 3,748.0/5,0000m
2024-03-08 07:28:02,265 - INFO - capacity: 37480
2024-03-08 07:28:03,658 - INFO - content: 4,065.4/5,0000ma
2024-03-08 07:28:14,675 - INFO - capacity: 40654
2024-03-08 07:28:16,076 - INFO - content: 4,065.4/5,0000ma
2024-03-08 07:28:27,128 - INFO - capacity: 40654
2024-03-08 07:28:27,128 - INFO - 货舱长时间不变，重启
2024-03-08 07:28:55,547 - INFO - 没有选择矿石
2024-03-08 07:29:10,465 - INFO - 矿石选择成功
2024-03-08 07:29:10,465 - INFO - 找到一块矿石
2024-03-08 07:29:19,247 - INFO - 已经接近矿石
2024-03-08 07:29:46,164 - INFO - 开始锁定并挖矿
2024-03-08 07:29:47,575 - INFO - content: 4,590.5/5,0000ma
2024-03-08 07:29:57,589 - INFO - capacity: 45905
2024-03-08 07:29:58,999 - INFO - content: 4,590.5/5,0000ma
2024-03-08 07:30:09,995 - INFO - capacity: 45905
2024-03-08 07:30:11,402 - INFO - content: 4,590.5/5,0000ma
2024-03-08 07:30:22,397 - INFO - capacity: 45905
2024-03-08 07:30:23,797 - INFO - content: 4,590.5/5,0000ma
2024-03-08 07:30:34,784 - INFO - capacity: 45905
2024-03-08 07:30:36,181 - INFO - content: 4,590.5/5,0000ma
2024-03-08 07:30:47,166 - INFO - capacity: 45905
2024-03-08 07:30:48,571 - INFO - content: 4,641.8/5,0000ma
2024-03-08 07:30:49,485 - INFO - 矿石挖完了
2024-03-08 07:31:15,929 - INFO - 矿石选择成功
2024-03-08 07:31:15,929 - INFO - 找到一块矿石
2024-03-08 07:31:46,684 - INFO - 已经接近矿石
2024-03-08 07:32:17,685 - INFO - 开始锁定并挖矿
2024-03-08 07:32:19,083 - INFO - content: 4641.8/5,0000m3
2024-03-08 07:32:29,086 - INFO - capacity: 46418
2024-03-08 07:32:30,483 - INFO - content: 4641.8/5,0000m3
2024-03-08 07:32:41,477 - INFO - capacity: 46418
2024-03-08 07:32:42,872 - INFO - content: 4641.8/5,0000ma
2024-03-08 07:32:53,889 - INFO - capacity: 46418
2024-03-08 07:32:55,285 - INFO - content: 4641.8/5,0000ma
2024-03-08 07:33:06,272 - INFO - capacity: 46418
2024-03-08 07:33:07,676 - INFO - content: 4641.8/5,0000ma
2024-03-08 07:33:18,709 - INFO - capacity: 46418
2024-03-08 07:33:20,098 - INFO - content: 4,959.2/5,0000ma
2024-03-08 07:33:31,157 - INFO - capacity: 49592
2024-03-08 07:33:32,554 - INFO - content: 5,000.0/5,0000ma
2024-03-08 07:33:32,555 - INFO - 货舱已满，回家
2024-03-08 07:33:45,566 - INFO - 开始返回空间站
2024-03-08 07:33:57,095 - INFO - 开始“停靠”
2024-03-08 07:34:44,568 - INFO - 已经返回空间站
2024-03-08 07:34:50,730 - INFO - 卸货
2024-03-08 07:34:55,886 - INFO - 出站
2024-03-08 07:35:06,774 - INFO - 找不到要去矿带
2024-03-08 07:35:55,406 - INFO - 到达矿场
2024-03-08 07:36:10,974 - INFO - 矿石选择成功
2024-03-08 07:36:10,974 - INFO - 找到一块矿石
2024-03-08 07:37:11,987 - INFO - 已经接近矿石
2024-03-08 07:37:41,905 - INFO - 开始锁定并挖矿
2024-03-08 07:37:43,289 - INFO - content: 0/5,0000m3
2024-03-08 07:37:53,296 - INFO - capacity: 0
2024-03-08 07:37:54,668 - INFO - content: 0/5,0000m3
2024-03-08 07:38:05,668 - INFO - capacity: 0
2024-03-08 07:38:07,049 - INFO - content: 0/5,0000m3
2024-03-08 07:38:18,035 - INFO - capacity: 0
2024-03-08 07:38:19,425 - INFO - content: 0/5,0000m3
2024-03-08 07:38:30,422 - INFO - capacity: 0
2024-03-08 07:38:31,809 - INFO - content: 0/5,0000m3
2024-03-08 07:38:42,831 - INFO - capacity: 0
2024-03-08 07:38:44,240 - INFO - content: 317.4/5,0000m3
2024-03-08 07:38:55,274 - INFO - capacity: 3174
2024-03-08 07:38:56,680 - INFO - content: 3748/5,0000m3
2024-03-08 07:39:07,681 - INFO - capacity: 3748
2024-03-08 07:39:09,087 - INFO - content: 3748/5,0000m3
2024-03-08 07:39:20,080 - INFO - capacity: 3748
2024-03-08 07:39:21,481 - INFO - content: 3748/5,0000m3
2024-03-08 07:39:32,535 - INFO - capacity: 3748
2024-03-08 07:39:33,940 - INFO - content: 3748/5,0000m3
2024-03-08 07:39:45,009 - INFO - capacity: 3748
2024-03-08 07:39:46,417 - INFO - content: 692.2/5,0000m3
2024-03-08 07:39:57,444 - INFO - capacity: 6922
2024-03-08 07:39:58,892 - INFO - content: 749.6/5,000.0m3
2024-03-08 07:40:10,049 - INFO - capacity: 7496
2024-03-08 07:40:11,479 - INFO - content: 749.6/5,000.0m3
2024-03-08 07:40:22,588 - INFO - capacity: 7496
2024-03-08 07:40:24,048 - INFO - content: 749.6/5,000.0m3
2024-03-08 07:40:35,265 - INFO - capacity: 7496
2024-03-08 07:40:36,671 - INFO - content: 749.6/5,000.0m3
2024-03-08 07:40:47,687 - INFO - capacity: 7496
2024-03-08 07:40:49,098 - INFO - content: 1,067.0/5,0000m3
2024-03-08 07:41:00,137 - INFO - capacity: 10670
2024-03-08 07:41:01,560 - INFO - content: 1,124.4/5,0000ma
2024-03-08 07:41:12,577 - INFO - capacity: 11244
2024-03-08 07:41:13,974 - INFO - content: 1,124.4/5,0000ma
2024-03-08 07:41:24,974 - INFO - capacity: 11244
2024-03-08 07:41:26,384 - INFO - content: 1,124.4/5,0000ma
2024-03-08 07:41:37,395 - INFO - capacity: 11244
2024-03-08 07:41:38,804 - INFO - content: 1,441.8/5,0000m3
2024-03-08 07:41:49,807 - INFO - capacity: 14418
2024-03-08 07:41:51,213 - INFO - content: 1,441.8/5,0000m3
2024-03-08 07:42:02,247 - INFO - capacity: 14418
2024-03-08 07:42:03,650 - INFO - content: 1,499.2/5,0000m3
2024-03-08 07:42:14,702 - INFO - capacity: 14992
2024-03-08 07:42:16,116 - INFO - content: 1,499.2/5,0000m3
2024-03-08 07:42:27,183 - INFO - capacity: 14992
2024-03-08 07:42:28,590 - INFO - content: 1,499.2/5,0000m3
2024-03-08 07:42:39,599 - INFO - capacity: 14992
2024-03-08 07:42:41,006 - INFO - content: 1,816.6/5,0000m3
2024-03-08 07:42:52,160 - INFO - capacity: 18166
2024-03-08 07:42:53,565 - INFO - content: 1,816.6/5,0000m3
2024-03-08 07:43:04,611 - INFO - capacity: 18166
2024-03-08 07:43:06,024 - INFO - content: 1,874.0/5,000.0m3
2024-03-08 07:43:17,048 - INFO - capacity: 18740
2024-03-08 07:43:18,458 - INFO - content: 1,8740/5,0000m3
2024-03-08 07:43:29,514 - INFO - capacity: 18740
2024-03-08 07:43:30,922 - INFO - content: 1,8740/5,0000m3
2024-03-08 07:43:42,078 - INFO - capacity: 18740
2024-03-08 07:43:43,475 - INFO - content: 2,191.4/5,0000m3
2024-03-08 07:43:54,626 - INFO - capacity: 21914
2024-03-08 07:43:56,025 - INFO - content: 2,191.4/5,0000m3
2024-03-08 07:44:07,069 - INFO - capacity: 21914
2024-03-08 07:44:08,478 - INFO - content: 2,248.8/5,0000m
2024-03-08 07:44:19,658 - INFO - capacity: 22488
2024-03-08 07:44:21,073 - INFO - content: 2,248.8/5,0000m
2024-03-08 07:44:32,200 - INFO - capacity: 22488
2024-03-08 07:44:33,605 - INFO - content: 2,248.8/5,0000m
2024-03-08 07:44:44,740 - INFO - capacity: 22488
2024-03-08 07:44:46,193 - INFO - content: 2,566.2/5,0000
2024-03-08 07:44:57,307 - INFO - capacity: 25662
2024-03-08 07:44:58,721 - INFO - content: 2,566.2/5,0000
2024-03-08 07:45:09,759 - INFO - capacity: 25662
2024-03-08 07:45:11,192 - INFO - content: 2,623.6/5,0000
2024-03-08 07:45:22,249 - INFO - capacity: 26236
2024-03-08 07:45:23,678 - INFO - content: 2,623.6/5,0000
2024-03-08 07:45:34,678 - INFO - capacity: 26236
2024-03-08 07:45:36,103 - INFO - content: 2,623.6/5,0000
2024-03-08 07:45:47,124 - INFO - capacity: 26236
2024-03-08 07:45:48,524 - INFO - content: 2,941.0/5,0000m3
2024-03-08 07:45:59,563 - INFO - capacity: 29410
2024-03-08 07:46:00,982 - INFO - content: 2,941.0/5,0000m3
2024-03-08 07:46:11,991 - INFO - capacity: 29410
2024-03-08 07:46:13,394 - INFO - content: 2,998.4/5,0000m
2024-03-08 07:46:24,417 - INFO - capacity: 29984
2024-03-08 07:46:25,824 - INFO - content: 2,998.4/5,0000m
2024-03-08 07:46:36,835 - INFO - capacity: 29984
2024-03-08 07:46:38,246 - INFO - content: 3,157.1/5,0000m3
2024-03-08 07:46:49,287 - INFO - capacity: 31571
2024-03-08 07:46:50,693 - INFO - content: 3,315.8/5,0000m
2024-03-08 07:47:01,764 - INFO - capacity: 33158
2024-03-08 07:47:03,161 - INFO - content: 3,315.8/5,0000m
2024-03-08 07:47:14,190 - INFO - capacity: 33158
2024-03-08 07:47:15,604 - INFO - content: 3,373.2/5,0000m3
2024-03-08 07:47:26,614 - INFO - capacity: 33732
2024-03-08 07:47:28,032 - INFO - content: 3,373.2/5,0000m3
2024-03-08 07:47:39,090 - INFO - capacity: 33732
2024-03-08 07:47:40,484 - INFO - content: 3,690.6/5,0000ma
2024-03-08 07:47:51,561 - INFO - capacity: 36906
2024-03-08 07:47:52,951 - INFO - content: 3,690.6/5,0000ma
2024-03-08 07:48:03,949 - INFO - capacity: 36906
2024-03-08 07:48:05,358 - INFO - content: 3,690.6/5,0000ma
2024-03-08 07:48:16,385 - INFO - capacity: 36906
2024-03-08 07:48:17,780 - INFO - content: 3,748.0/5,0000m
2024-03-08 07:48:28,780 - INFO - capacity: 37480
2024-03-08 07:48:30,175 - INFO - content: 3,748.0/5,0000ma
2024-03-08 07:48:41,201 - INFO - capacity: 37480
2024-03-08 07:48:42,586 - INFO - content: 4,065.4/5,0000ma
2024-03-08 07:48:53,629 - INFO - capacity: 40654
2024-03-08 07:48:55,036 - INFO - content: 4,065.4/5,0000ma
2024-03-08 07:49:06,040 - INFO - capacity: 40654
2024-03-08 07:49:06,040 - INFO - 货舱长时间不变，重启
2024-03-08 07:49:34,663 - INFO - 矿石选择成功
2024-03-08 07:49:34,663 - INFO - 找到一块矿石
2024-03-08 07:49:43,132 - INFO - 已经接近矿石
2024-03-08 07:50:06,739 - INFO - 开始锁定并挖矿
2024-03-08 07:50:08,136 - INFO - content: 4,522.9/5,0000m3
2024-03-08 07:50:18,148 - INFO - capacity: 45229
2024-03-08 07:50:19,556 - INFO - content: 4,522.9/5,0000m3
2024-03-08 07:50:30,562 - INFO - capacity: 45229
2024-03-08 07:50:31,970 - INFO - content: 4522.9/5,0000m3
2024-03-08 07:50:43,085 - INFO - capacity: 45229
2024-03-08 07:50:44,489 - INFO - content: 4,522.9/5,0000m3
2024-03-08 07:50:55,587 - INFO - capacity: 45229
2024-03-08 07:50:56,995 - INFO - content: 4522.9/5,0000m3
2024-03-08 07:51:08,001 - INFO - capacity: 45229
2024-03-08 07:51:09,400 - INFO - content: 4,736.8/5,0000m
2024-03-08 07:51:10,318 - INFO - 矿石挖完了
2024-03-08 07:51:38,319 - INFO - 矿石选择成功
2024-03-08 07:51:38,319 - INFO - 找到一块矿石
2024-03-08 07:53:03,327 - INFO - 已经接近矿石
2024-03-08 07:53:32,294 - INFO - 开始锁定并挖矿
2024-03-08 07:53:33,690 - INFO - content: 4,736.8/5,0000m
2024-03-08 07:53:43,703 - INFO - capacity: 47368
2024-03-08 07:53:45,097 - INFO - content: 4,736.8/5,0000m
2024-03-08 07:53:56,091 - INFO - capacity: 47368
2024-03-08 07:53:57,490 - INFO - content: 4,736.8/5,0000m
2024-03-08 07:54:08,489 - INFO - capacity: 47368
2024-03-08 07:54:09,893 - INFO - content: 4,736.8/5,0000ma
2024-03-08 07:54:20,900 - INFO - capacity: 47368
2024-03-08 07:54:22,307 - INFO - content: 4,736.8/5,0000m
2024-03-08 07:54:33,354 - INFO - capacity: 47368
2024-03-08 07:54:34,756 - INFO - content: 5,0000/5,0000ma
2024-03-08 07:54:34,756 - INFO - 货舱已满，回家
2024-03-08 07:54:47,816 - INFO - 开始返回空间站
2024-03-08 07:54:59,364 - INFO - 开始“停靠”
2024-03-08 07:55:47,409 - INFO - 已经返回空间站
2024-03-08 07:55:51,504 - INFO - 卸货
2024-03-08 07:55:56,116 - INFO - 出站
2024-03-08 07:56:07,268 - INFO - 找不到要去矿带
2024-03-08 07:56:55,932 - INFO - 到达矿场
2024-03-08 07:57:12,736 - INFO - 矿石选择成功
2024-03-08 07:57:12,736 - INFO - 找到一块矿石
2024-03-08 07:58:22,469 - INFO - 已经接近矿石
2024-03-08 07:58:54,032 - INFO - 开始锁定并挖矿
2024-03-08 07:58:55,415 - INFO - content: 0/5,0000m3
2024-03-08 07:59:05,422 - INFO - capacity: 0
2024-03-08 07:59:06,809 - INFO - content: 0/5,0000m
2024-03-08 07:59:17,852 - INFO - capacity: 0
2024-03-08 07:59:19,227 - INFO - content: 0/5,0000m
2024-03-08 07:59:30,220 - INFO - capacity: 0
2024-03-08 07:59:31,605 - INFO - content: 0/5,0000m
2024-03-08 07:59:42,617 - INFO - capacity: 0
2024-03-08 07:59:44,000 - INFO - content: 0/5,0000m
2024-03-08 07:59:55,013 - INFO - capacity: 0
2024-03-08 07:59:56,411 - INFO - content: 317.4/5,0000m3
2024-03-08 08:00:07,406 - INFO - capacity: 3174
2024-03-08 08:00:08,816 - INFO - content: 3748/5,0000m3
2024-03-08 08:00:19,888 - INFO - capacity: 3748
2024-03-08 08:00:21,286 - INFO - content: 3748/5,0000m3
2024-03-08 08:00:32,280 - INFO - capacity: 3748
2024-03-08 08:00:33,689 - INFO - content: 3748/5,0000m3
2024-03-08 08:00:44,693 - INFO - capacity: 3748
2024-03-08 08:00:46,101 - INFO - content: 3748/5,0000m3
2024-03-08 08:00:57,144 - INFO - capacity: 3748
2024-03-08 08:00:58,541 - INFO - content: 692.2/5,0000m3
2024-03-08 08:01:09,546 - INFO - capacity: 6922
2024-03-08 08:01:10,959 - INFO - content: 749.6/5,000.0m3
2024-03-08 08:01:21,965 - INFO - capacity: 7496
2024-03-08 08:01:23,379 - INFO - content: 749.6/5,000.0m3
2024-03-08 08:01:34,390 - INFO - capacity: 7496
2024-03-08 08:01:35,791 - INFO - content: 749.6/5,000.0m3
2024-03-08 08:01:46,803 - INFO - capacity: 7496
2024-03-08 08:01:48,207 - INFO - content: 749.6/5,000.0m3
2024-03-08 08:01:59,195 - INFO - capacity: 7496
2024-03-08 08:02:00,600 - INFO - content: 1,067.0/5,0000m3
2024-03-08 08:02:11,634 - INFO - capacity: 10670
2024-03-08 08:02:13,055 - INFO - content: 1,124.4/5,0000m
2024-03-08 08:02:24,103 - INFO - capacity: 11244
2024-03-08 08:02:25,513 - INFO - content: 1,124.4/5,0000m3
2024-03-08 08:02:36,538 - INFO - capacity: 11244
2024-03-08 08:02:37,941 - INFO - content: 1,124.4/5,0000m
2024-03-08 08:02:48,948 - INFO - capacity: 11244
2024-03-08 08:02:50,352 - INFO - content: 1,441.8/5,0000m3
2024-03-08 08:03:01,365 - INFO - capacity: 14418
2024-03-08 08:03:02,780 - INFO - content: 1,441.8/5,0000m3
2024-03-08 08:03:13,835 - INFO - capacity: 14418
2024-03-08 08:03:15,254 - INFO - content: 1,499.2/5,0000m3
2024-03-08 08:03:26,334 - INFO - capacity: 14992
2024-03-08 08:03:27,745 - INFO - content: 1,499.2/5,0000m3
2024-03-08 08:03:38,830 - INFO - capacity: 14992
2024-03-08 08:03:40,252 - INFO - content: 1,499.2/5,0000m3
2024-03-08 08:03:51,263 - INFO - capacity: 14992
2024-03-08 08:03:52,670 - INFO - content: 1,816.6/5,000.0m
2024-03-08 08:04:03,687 - INFO - capacity: 18166
2024-03-08 08:04:05,106 - INFO - content: 1,816.6/5,000.0m
2024-03-08 08:04:16,111 - INFO - capacity: 18166
2024-03-08 08:04:17,525 - INFO - content: 1,874.0/5,000.0m3
2024-03-08 08:04:28,593 - INFO - capacity: 18740
2024-03-08 08:04:30,022 - INFO - content: 1,874.0/5,000.0m3
2024-03-08 08:04:41,025 - INFO - capacity: 18740
2024-03-08 08:04:42,447 - INFO - content: 1,874.0/5,000.0m3
2024-03-08 08:04:53,452 - INFO - capacity: 18740
2024-03-08 08:04:54,866 - INFO - content: 2,191.4/5,0000m3
2024-03-08 08:05:05,935 - INFO - capacity: 21914
2024-03-08 08:05:07,344 - INFO - content: 2,191.4/5,0000m3
2024-03-08 08:05:18,410 - INFO - capacity: 21914
2024-03-08 08:05:19,824 - INFO - content: 2,248.8/5,0000m
2024-03-08 08:05:30,893 - INFO - capacity: 22488
2024-03-08 08:05:32,307 - INFO - content: 2,248.8/5,0000m
2024-03-08 08:05:43,322 - INFO - capacity: 22488
2024-03-08 08:05:44,734 - INFO - content: 2,248.8/5,0000m
2024-03-08 08:05:55,757 - INFO - capacity: 22488
2024-03-08 08:05:57,185 - INFO - content: 2,566.2/5,0000
2024-03-08 08:06:08,205 - INFO - capacity: 25662
2024-03-08 08:06:09,634 - INFO - content: 2,566.2/5,0000
2024-03-08 08:06:20,688 - INFO - capacity: 25662
2024-03-08 08:06:22,106 - INFO - content: 2,623.6/5,0000
2024-03-08 08:06:33,115 - INFO - capacity: 26236
2024-03-08 08:06:34,539 - INFO - content: 2,623.6/5,0000
2024-03-08 08:06:45,549 - INFO - capacity: 26236
2024-03-08 08:06:46,981 - INFO - content: 2,623.6/5,0000
2024-03-08 08:06:57,985 - INFO - capacity: 26236
2024-03-08 08:06:59,393 - INFO - content: 2,941.0/5,000.0m3
2024-03-08 08:07:10,410 - INFO - capacity: 29410
2024-03-08 08:07:11,824 - INFO - content: 2,941.0/5,000.0m3
2024-03-08 08:07:22,833 - INFO - capacity: 29410
2024-03-08 08:07:24,245 - INFO - content: 2,998.4/5,0000m
2024-03-08 08:07:35,268 - INFO - capacity: 29984
2024-03-08 08:07:36,685 - INFO - content: 2,998.4/5,0000m
2024-03-08 08:07:47,711 - INFO - capacity: 29984
2024-03-08 08:07:49,132 - INFO - content: 2,998.4/5,0000m
2024-03-08 08:08:00,182 - INFO - capacity: 29984
2024-03-08 08:08:01,594 - INFO - content: 3,315.8/5,0000m
2024-03-08 08:08:12,617 - INFO - capacity: 33158
2024-03-08 08:08:14,031 - INFO - content: 3,315.8/5,0000m
2024-03-08 08:08:25,043 - INFO - capacity: 33158
2024-03-08 08:08:26,459 - INFO - content: 3,373.2/5,0000m3
2024-03-08 08:08:37,463 - INFO - capacity: 33732
2024-03-08 08:08:38,887 - INFO - content: 3,373.2/5,0000m3
2024-03-08 08:08:49,907 - INFO - capacity: 33732
2024-03-08 08:08:51,319 - INFO - content: 3,690.6/5,0000m3
2024-03-08 08:09:02,328 - INFO - capacity: 36906
2024-03-08 08:09:03,751 - INFO - content: 3,690.6/5,0000ma
2024-03-08 08:09:14,834 - INFO - capacity: 36906
2024-03-08 08:09:16,247 - INFO - content: 3,690.6/5,0000ma
2024-03-08 08:09:27,260 - INFO - capacity: 36906
2024-03-08 08:09:28,678 - INFO - content: 3,748.0/5,0000m
2024-03-08 08:09:39,697 - INFO - capacity: 37480
2024-03-08 08:09:41,165 - INFO - content: 3,748.0/5,0000m
2024-03-08 08:09:52,264 - INFO - capacity: 37480
2024-03-08 08:09:52,264 - INFO - 货舱长时间不变，重启
2024-03-08 08:10:21,454 - INFO - 矿石选择成功
2024-03-08 08:10:21,454 - INFO - 找到一块矿石
2024-03-08 08:10:28,830 - INFO - 已经接近矿石
2024-03-08 08:10:57,069 - INFO - 开始锁定并挖矿
2024-03-08 08:10:58,468 - INFO - content: 4,362.6/5,0000m3
2024-03-08 08:11:08,479 - INFO - capacity: 43626
2024-03-08 08:11:09,896 - INFO - content: 4,362.6/5,0000m3
2024-03-08 08:11:20,935 - INFO - capacity: 43626
2024-03-08 08:11:22,348 - INFO - content: 4,362.6/5,0000m3
2024-03-08 08:11:33,357 - INFO - capacity: 43626
2024-03-08 08:11:34,772 - INFO - content: 4,362.6/5,0000m3
2024-03-08 08:11:45,782 - INFO - capacity: 43626
2024-03-08 08:11:47,193 - INFO - content: 4,362.6/5,0000m3
2024-03-08 08:11:58,205 - INFO - capacity: 43626
2024-03-08 08:11:59,611 - INFO - content: 4,606.3/5,0000m
2024-03-08 08:12:00,521 - INFO - 矿石挖完了
2024-03-08 08:12:29,173 - INFO - 矿石选择成功
2024-03-08 08:12:29,173 - INFO - 找到一块矿石
2024-03-08 08:13:31,268 - INFO - 已经接近矿石
2024-03-08 08:14:07,298 - INFO - 开始锁定并挖矿
2024-03-08 08:14:08,697 - INFO - content: 4,606.3/5,0000ma
2024-03-08 08:14:18,701 - INFO - capacity: 46063
2024-03-08 08:14:20,098 - INFO - content: 4,606.3/5,0000m
2024-03-08 08:14:31,094 - INFO - capacity: 46063
2024-03-08 08:14:32,493 - INFO - content: 4,606.3/5,0000m
2024-03-08 08:14:43,472 - INFO - capacity: 46063
2024-03-08 08:14:44,874 - INFO - content: 4,606.3/5,0000m
2024-03-08 08:14:55,874 - INFO - capacity: 46063
2024-03-08 08:14:57,282 - INFO - content: 4,606.3/5,0000m
2024-03-08 08:15:08,290 - INFO - capacity: 46063
2024-03-08 08:15:09,690 - INFO - content: 4,923.7/5,0000m
2024-03-08 08:15:20,691 - INFO - capacity: 49237
2024-03-08 08:15:22,090 - INFO - content: 4,981.1/5,0000ma
2024-03-08 08:15:33,114 - INFO - capacity: 49811
2024-03-08 08:15:34,521 - INFO - content: 4,981.1/5,0000ma
2024-03-08 08:15:45,523 - INFO - capacity: 49811
2024-03-08 08:15:46,933 - INFO - content: 4,981.1/5,0000ma
2024-03-08 08:15:57,932 - INFO - capacity: 49811
2024-03-08 08:15:59,335 - INFO - content: 4,981.1/5,0000ma
2024-03-08 08:16:10,356 - INFO - capacity: 49811
2024-03-08 08:16:11,767 - INFO - content: 5,0000/5,0000ma
2024-03-08 08:16:11,767 - INFO - 货舱已满，回家
2024-03-08 08:16:24,935 - INFO - 开始返回空间站
2024-03-08 08:16:37,540 - INFO - 开始“停靠”
2024-03-08 08:17:29,004 - INFO - 已经返回空间站
2024-03-08 08:17:34,756 - INFO - 卸货
2024-03-08 08:17:39,443 - INFO - 出站
2024-03-08 08:17:50,659 - INFO - 找不到要去矿带
2024-03-08 08:18:39,569 - INFO - 到达矿场
2024-03-08 08:18:56,299 - INFO - 矿石选择成功
2024-03-08 08:18:56,299 - INFO - 找到一块矿石
2024-03-08 08:20:01,612 - INFO - 已经接近矿石
2024-03-08 08:20:33,914 - INFO - 开始锁定并挖矿
2024-03-08 08:20:35,303 - INFO - content: 0/5,0000m
2024-03-08 08:20:45,314 - INFO - capacity: 0
2024-03-08 08:20:46,704 - INFO - content: 0/5,0000m3
2024-03-08 08:20:57,707 - INFO - capacity: 0
2024-03-08 08:20:59,091 - INFO - content: 0/5,0000m
2024-03-08 08:21:10,109 - INFO - capacity: 0
2024-03-08 08:21:11,489 - INFO - content: 0/5,0000m
2024-03-08 08:21:22,531 - INFO - capacity: 0
2024-03-08 08:21:23,935 - INFO - content: 0/5,0000m3
2024-03-08 08:21:34,932 - INFO - capacity: 0
2024-03-08 08:21:36,349 - INFO - content: 317.4/5,0000m3
2024-03-08 08:21:47,354 - INFO - capacity: 3174
2024-03-08 08:21:48,766 - INFO - content: 3748/5,0000m3
2024-03-08 08:21:59,829 - INFO - capacity: 3748
2024-03-08 08:22:01,242 - INFO - content: 374.8/5,0000m3
2024-03-08 08:22:12,334 - INFO - capacity: 3748
2024-03-08 08:22:13,748 - INFO - content: 374.8/5,0000m3
2024-03-08 08:22:24,782 - INFO - capacity: 3748
2024-03-08 08:22:26,190 - INFO - content: 3748/5,0000m3
2024-03-08 08:22:37,187 - INFO - capacity: 3748
2024-03-08 08:22:38,589 - INFO - content: 692.2/5,0000m3
2024-03-08 08:22:49,602 - INFO - capacity: 6922
2024-03-08 08:22:51,020 - INFO - content: 749.6/5,000.0m3
2024-03-08 08:23:02,023 - INFO - capacity: 7496
2024-03-08 08:23:03,416 - INFO - content: 749.6/5,000.0m3
2024-03-08 08:23:14,446 - INFO - capacity: 7496
2024-03-08 08:23:15,841 - INFO - content: 749.6/5,000.0m3
2024-03-08 08:23:26,868 - INFO - capacity: 7496
2024-03-08 08:23:28,275 - INFO - content: 749.6/5,000.0m3
2024-03-08 08:23:39,291 - INFO - capacity: 7496
2024-03-08 08:23:40,707 - INFO - content: 1,067.0/5,0000m3
2024-03-08 08:23:51,772 - INFO - capacity: 10670
2024-03-08 08:23:53,189 - INFO - content: 1,124.4/5,0000ma
2024-03-08 08:24:04,254 - INFO - capacity: 11244
2024-03-08 08:24:05,671 - INFO - content: 1,124.4/5,0000m
2024-03-08 08:24:16,712 - INFO - capacity: 11244
2024-03-08 08:24:18,132 - INFO - content: 1,124.4/5,0000m
2024-03-08 08:24:29,143 - INFO - capacity: 11244
2024-03-08 08:24:30,551 - INFO - content: 1,283.1/5,0000m3
2024-03-08 08:24:41,569 - INFO - capacity: 12831
2024-03-08 08:24:42,970 - INFO - content: 1,441.8/5,0000m3
2024-03-08 08:24:53,992 - INFO - capacity: 14418
2024-03-08 08:24:55,401 - INFO - content: 1,499.2/5,0000m3
2024-03-08 08:25:06,501 - INFO - capacity: 14992
2024-03-08 08:25:07,891 - INFO - content: 1,499.2/5,0000m3
2024-03-08 08:25:18,930 - INFO - capacity: 14992
2024-03-08 08:25:20,346 - INFO - content: 1,499.2/5,0000m3
2024-03-08 08:25:31,368 - INFO - capacity: 14992
2024-03-08 08:25:32,772 - INFO - content: 1,816.6/5,000.0m
2024-03-08 08:25:43,792 - INFO - capacity: 18166
2024-03-08 08:25:45,202 - INFO - content: 1,816.6/5,000.0m
2024-03-08 08:25:56,224 - INFO - capacity: 18166
2024-03-08 08:25:57,656 - INFO - content: 1,874.0/5,000.0m3
2024-03-08 08:26:08,699 - INFO - capacity: 18740
2024-03-08 08:26:10,113 - INFO - content: 1,8740/5,0000m3
2024-03-08 08:26:21,131 - INFO - capacity: 18740
2024-03-08 08:26:22,546 - INFO - content: 1,8740/5,0000m3
2024-03-08 08:26:33,563 - INFO - capacity: 18740
2024-03-08 08:26:34,982 - INFO - content: 2,191.4/5,0000m3
2024-03-08 08:26:45,994 - INFO - capacity: 21914
2024-03-08 08:26:47,407 - INFO - content: 2,191.4/5,0000m3
2024-03-08 08:26:58,440 - INFO - capacity: 21914
2024-03-08 08:26:59,860 - INFO - content: 2,248.8/5,000.0m
2024-03-08 08:27:10,912 - INFO - capacity: 22488
2024-03-08 08:27:12,328 - INFO - content: 2,248.8/5,000.0m
2024-03-08 08:27:23,355 - INFO - capacity: 22488
2024-03-08 08:27:24,764 - INFO - content: 2,248.8/5,000.0m
2024-03-08 08:27:35,791 - INFO - capacity: 22488
2024-03-08 08:27:37,220 - INFO - content: 2,566.2/5,0000
2024-03-08 08:27:48,260 - INFO - capacity: 25662
2024-03-08 08:27:49,685 - INFO - content: 2,566.2/5,0000
2024-03-08 08:28:00,812 - INFO - capacity: 25662
2024-03-08 08:28:02,240 - INFO - content: 2,623.6/5,0000
2024-03-08 08:28:13,251 - INFO - capacity: 26236
2024-03-08 08:28:14,676 - INFO - content: 2,623.6/5,0000
2024-03-08 08:28:25,701 - INFO - capacity: 26236
2024-03-08 08:28:27,117 - INFO - content: 2,623.6/5,0000
2024-03-08 08:28:38,129 - INFO - capacity: 26236
2024-03-08 08:28:39,540 - INFO - content: 2,941.0/5,0000m3
2024-03-08 08:28:50,580 - INFO - capacity: 29410
2024-03-08 08:28:51,997 - INFO - content: 2,941.0/5,0000m3
2024-03-08 08:29:03,102 - INFO - capacity: 29410
2024-03-08 08:29:04,525 - INFO - content: 2,998.4/5,0000m
2024-03-08 08:29:15,554 - INFO - capacity: 29984
2024-03-08 08:29:16,970 - INFO - content: 2,998.4/5,0000m
2024-03-08 08:29:27,979 - INFO - capacity: 29984
2024-03-08 08:29:29,390 - INFO - content: 2,998.4/5,0000m
2024-03-08 08:29:40,428 - INFO - capacity: 29984
2024-03-08 08:29:41,834 - INFO - content: 3,315.8/5,0000m
2024-03-08 08:29:52,843 - INFO - capacity: 33158
2024-03-08 08:29:54,250 - INFO - content: 3,315.8/5,0000m
2024-03-08 08:30:05,282 - INFO - capacity: 33158
2024-03-08 08:30:06,698 - INFO - content: 3,373.2/5,0000m3
2024-03-08 08:30:17,755 - INFO - capacity: 33732
2024-03-08 08:30:19,156 - INFO - content: 3,373.2/5,0000m3
2024-03-08 08:30:30,210 - INFO - capacity: 33732
2024-03-08 08:30:31,618 - INFO - content: 3,690.6/5,0000ma
2024-03-08 08:30:42,616 - INFO - capacity: 36906
2024-03-08 08:30:44,025 - INFO - content: 3,690.6/5,0000ma
2024-03-08 08:30:55,033 - INFO - capacity: 36906
2024-03-08 08:30:56,439 - INFO - content: 3,690.6/5,0000ma
2024-03-08 08:31:07,483 - INFO - capacity: 36906
2024-03-08 08:31:08,885 - INFO - content: 3,719.3/5,0000m
2024-03-08 08:31:19,951 - INFO - capacity: 37193
2024-03-08 08:31:21,354 - INFO - content: 3,748.0/5,0000m
2024-03-08 08:31:32,398 - INFO - capacity: 37480
2024-03-08 08:31:33,802 - INFO - content: 4,065.4/5,0000ma
2024-03-08 08:31:44,803 - INFO - capacity: 40654
2024-03-08 08:31:46,223 - INFO - content: 4,065.4/5,0000ma
2024-03-08 08:31:57,225 - INFO - capacity: 40654
2024-03-08 08:31:58,647 - INFO - content: 4,065.4/5,0000ma
2024-03-08 08:32:09,669 - INFO - capacity: 40654
2024-03-08 08:32:09,669 - INFO - 货舱长时间不变，重启
2024-03-08 08:32:38,636 - INFO - 矿石选择成功
2024-03-08 08:32:38,636 - INFO - 找到一块矿石
2024-03-08 08:32:46,542 - INFO - 已经接近矿石
2024-03-08 08:33:11,907 - INFO - 开始锁定并挖矿
2024-03-08 08:33:13,310 - INFO - content: 4,591.2/5,000.0ma
2024-03-08 08:33:23,317 - INFO - capacity: 45912
2024-03-08 08:33:24,729 - INFO - content: 4,591.2/5,000.0ma
2024-03-08 08:33:35,799 - INFO - capacity: 45912
2024-03-08 08:33:37,216 - INFO - content: 4,591.2/5,000.0ma
2024-03-08 08:33:48,261 - INFO - capacity: 45912
2024-03-08 08:33:49,677 - INFO - content: 4,591.2/5,000.0ma
2024-03-08 08:34:00,695 - INFO - capacity: 45912
2024-03-08 08:34:02,114 - INFO - content: 4,591.2/5,000.0ma
2024-03-08 08:34:13,135 - INFO - capacity: 45912
2024-03-08 08:34:14,533 - INFO - content: 4837.0/5,0000m3
2024-03-08 08:34:15,446 - INFO - 矿石挖完了
2024-03-08 08:34:43,777 - INFO - 矿石选择成功
2024-03-08 08:34:43,777 - INFO - 找到一块矿石
2024-03-08 08:34:51,785 - INFO - 已经接近矿石
2024-03-08 08:35:22,525 - INFO - 开始锁定并挖矿
2024-03-08 08:35:23,926 - INFO - content: 4837.0/5,0000m
2024-03-08 08:35:33,940 - INFO - capacity: 48370
2024-03-08 08:35:35,355 - INFO - content: 4837.0/5,0000m
2024-03-08 08:35:46,372 - INFO - capacity: 48370
2024-03-08 08:35:47,784 - INFO - content: 4837.0/5,0000m
2024-03-08 08:35:58,808 - INFO - capacity: 48370
2024-03-08 08:36:00,223 - INFO - content: 4837.0/5,0000m
2024-03-08 08:36:11,237 - INFO - capacity: 48370
2024-03-08 08:36:12,657 - INFO - content: 4837.0/5,0000m
2024-03-08 08:36:23,658 - INFO - capacity: 48370
2024-03-08 08:36:25,066 - INFO - content: 5,000.0/5,0000ma
2024-03-08 08:36:25,066 - INFO - 货舱已满，回家
2024-03-08 08:36:37,635 - INFO - 开始返回空间站
2024-03-08 08:36:49,199 - INFO - 开始“停靠”
2024-03-08 08:37:33,337 - INFO - 已经返回空间站
2024-03-08 08:37:38,063 - INFO - 卸货
2024-03-08 08:37:42,560 - INFO - 出站
2024-03-08 08:37:53,785 - INFO - 找不到要去矿带
2024-03-08 08:38:42,691 - INFO - 到达矿场
2024-03-08 08:38:59,932 - INFO - 矿石选择成功
2024-03-08 08:38:59,932 - INFO - 找到一块矿石
2024-03-08 08:40:03,001 - INFO - 已经接近矿石
2024-03-08 08:40:34,676 - INFO - 开始锁定并挖矿
2024-03-08 08:40:36,073 - INFO - content: 0/5,0000m
2024-03-08 08:40:46,086 - INFO - capacity: 0
2024-03-08 08:40:47,471 - INFO - content: 0/5,0000m
2024-03-08 08:40:58,534 - INFO - capacity: 0
2024-03-08 08:40:59,914 - INFO - content: 0/5,0000m
2024-03-08 08:41:10,921 - INFO - capacity: 0
2024-03-08 08:41:12,317 - INFO - content: 0/5,0000m
2024-03-08 08:41:23,392 - INFO - capacity: 0
2024-03-08 08:41:24,782 - INFO - content: 0/5,0000m
2024-03-08 08:41:35,843 - INFO - capacity: 0
2024-03-08 08:41:37,241 - INFO - content: 317.4/5,0000m3
2024-03-08 08:41:48,280 - INFO - capacity: 3174
2024-03-08 08:41:49,667 - INFO - content: 374.8/5,0000m3
2024-03-08 08:42:00,684 - INFO - capacity: 3748
2024-03-08 08:42:02,096 - INFO - content: 374.8/5,0000m3
2024-03-08 08:42:13,147 - INFO - capacity: 3748
2024-03-08 08:42:14,552 - INFO - content: 374.8/5,0000m3
2024-03-08 08:42:25,611 - INFO - capacity: 3748
2024-03-08 08:42:27,016 - INFO - content: 374.8/5,0000m3
2024-03-08 08:42:38,041 - INFO - capacity: 3748
2024-03-08 08:42:39,444 - INFO - content: 692.2/5,0000m3
2024-03-08 08:42:50,459 - INFO - capacity: 6922
2024-03-08 08:42:51,862 - INFO - content: 749.6/5,000.0m3
2024-03-08 08:43:02,882 - INFO - capacity: 7496
2024-03-08 08:43:04,283 - INFO - content: 749.6/5,000.0m3
2024-03-08 08:43:15,331 - INFO - capacity: 7496
2024-03-08 08:43:16,748 - INFO - content: 749.6/5,000.0m3
2024-03-08 08:43:27,804 - INFO - capacity: 7496
2024-03-08 08:43:29,207 - INFO - content: 749.6/5,000.0m3
2024-03-08 08:43:40,226 - INFO - capacity: 7496
2024-03-08 08:43:41,633 - INFO - content: 1,067.0/5,0000m3
2024-03-08 08:43:52,671 - INFO - capacity: 10670
2024-03-08 08:43:54,073 - INFO - content: 1,124.4/5,0000m
2024-03-08 08:44:05,089 - INFO - capacity: 11244
2024-03-08 08:44:06,493 - INFO - content: 1,124.4/5,0000m3
2024-03-08 08:44:17,636 - INFO - capacity: 11244
2024-03-08 08:44:19,042 - INFO - content: 1,124.4/5,0000m3
2024-03-08 08:44:30,050 - INFO - capacity: 11244
2024-03-08 08:44:31,458 - INFO - content: 1,441.8/5,0000m3
2024-03-08 08:44:42,529 - INFO - capacity: 14418
2024-03-08 08:44:43,925 - INFO - content: 1,441.8/5,0000m3
2024-03-08 08:44:54,950 - INFO - capacity: 14418
2024-03-08 08:44:56,361 - INFO - content: 1,499.2/5,0000m3
2024-03-08 08:45:07,413 - INFO - capacity: 14992
2024-03-08 08:45:08,816 - INFO - content: 1,499.2/5,0000m3
2024-03-08 08:45:19,833 - INFO - capacity: 14992
2024-03-08 08:45:21,229 - INFO - content: 1,499.2/5,0000m3
2024-03-08 08:45:32,237 - INFO - capacity: 14992
2024-03-08 08:45:33,647 - INFO - content: 1,816.6/5,000.0m
2024-03-08 08:45:44,650 - INFO - capacity: 18166
2024-03-08 08:45:46,064 - INFO - content: 1,816.6/5,000.0m
2024-03-08 08:45:57,068 - INFO - capacity: 18166
2024-03-08 08:45:58,464 - INFO - content: 1,8740/5,0000m
2024-03-08 08:46:09,513 - INFO - capacity: 18740
2024-03-08 08:46:10,901 - INFO - content: 1,8740/5,0000m
2024-03-08 08:46:21,997 - INFO - capacity: 18740
2024-03-08 08:46:23,393 - INFO - content: 1,8740/5,0000m3
2024-03-08 08:46:34,391 - INFO - capacity: 18740
2024-03-08 08:46:35,794 - INFO - content: 2,191.4/5,0000m3
2024-03-08 08:46:46,792 - INFO - capacity: 21914
2024-03-08 08:46:48,186 - INFO - content: 2,191.4/5,0000m3
2024-03-08 08:46:59,184 - INFO - capacity: 21914
2024-03-08 08:47:00,592 - INFO - content: 2,248.8/5,000.0m
2024-03-08 08:47:11,567 - INFO - capacity: 22488
2024-03-08 08:47:12,958 - INFO - content: 2,248.8/5,000.0m
2024-03-08 08:47:23,977 - INFO - capacity: 22488
2024-03-08 08:47:25,377 - INFO - content: 2,248.8/5,000.0m
2024-03-08 08:47:36,414 - INFO - capacity: 22488
2024-03-08 08:47:37,825 - INFO - content: 2,566.2/5,0000
2024-03-08 08:47:48,826 - INFO - capacity: 25662
2024-03-08 08:47:50,242 - INFO - content: 2,566.2/5,0000
2024-03-08 08:48:01,254 - INFO - capacity: 25662
2024-03-08 08:48:02,674 - INFO - content: 2,623.6/5,0000
2024-03-08 08:48:13,703 - INFO - capacity: 26236
2024-03-08 08:48:15,122 - INFO - content: 2,623.6/5,0000
2024-03-08 08:48:26,157 - INFO - capacity: 26236
2024-03-08 08:48:27,575 - INFO - content: 2,623.6/5,0000
2024-03-08 08:48:38,594 - INFO - capacity: 26236
2024-03-08 08:48:40,007 - INFO - content: 2941.0/5,0000m3
2024-03-08 08:48:51,036 - INFO - capacity: 29410
2024-03-08 08:48:52,435 - INFO - content: 2941.0/5,0000m3
2024-03-08 08:49:03,457 - INFO - capacity: 29410
2024-03-08 08:49:04,849 - INFO - content: 2,998.4/5,0000m
2024-03-08 08:49:15,894 - INFO - capacity: 29984
2024-03-08 08:49:17,284 - INFO - content: 2,998.4/5,0000m
2024-03-08 08:49:28,318 - INFO - capacity: 29984
2024-03-08 08:49:29,725 - INFO - content: 2,998.4/5,0000m
2024-03-08 08:49:40,727 - INFO - capacity: 29984
2024-03-08 08:49:42,129 - INFO - content: 3,315.8/5,0000m
2024-03-08 08:49:53,150 - INFO - capacity: 33158
2024-03-08 08:49:54,552 - INFO - content: 3,315.8/5,0000m
2024-03-08 08:50:05,582 - INFO - capacity: 33158
2024-03-08 08:50:06,985 - INFO - content: 3,373.2/5,0000m3
2024-03-08 08:50:18,046 - INFO - capacity: 33732
2024-03-08 08:50:19,456 - INFO - content: 3,373.2/5,0000m3
2024-03-08 08:50:30,478 - INFO - capacity: 33732
2024-03-08 08:50:31,884 - INFO - content: 3,690.6/5,0000ma
2024-03-08 08:50:42,897 - INFO - capacity: 36906
2024-03-08 08:50:44,289 - INFO - content: 3,690.6/5,0000ma
2024-03-08 08:50:55,294 - INFO - capacity: 36906
2024-03-08 08:50:56,704 - INFO - content: 3,690.6/5,0000ma
2024-03-08 08:51:07,749 - INFO - capacity: 36906
2024-03-08 08:51:09,161 - INFO - content: 3,748.0/5,0000m
2024-03-08 08:51:20,178 - INFO - capacity: 37480
2024-03-08 08:51:21,586 - INFO - content: 3,748.0/5,0000m3
2024-03-08 08:51:32,602 - INFO - capacity: 37480
2024-03-08 08:51:32,602 - INFO - 货舱长时间不变，重启
2024-03-08 08:52:01,328 - INFO - 矿石选择成功
2024-03-08 08:52:01,329 - INFO - 找到一块矿石
2024-03-08 08:52:09,838 - INFO - 已经接近矿石
2024-03-08 08:52:34,670 - INFO - 开始锁定并挖矿
2024-03-08 08:52:36,085 - INFO - content: 4,359.9/5,0000m3
2024-03-08 08:52:46,087 - INFO - capacity: 43599
2024-03-08 08:52:47,489 - INFO - content: 4,359.9/5,0000m3
2024-03-08 08:52:58,497 - INFO - capacity: 43599
2024-03-08 08:52:59,912 - INFO - content: 4,359.9/5,0000m3
2024-03-08 08:53:10,942 - INFO - capacity: 43599
2024-03-08 08:53:12,353 - INFO - content: 4,359.9/5,000.0m3
2024-03-08 08:53:23,363 - INFO - capacity: 43599
2024-03-08 08:53:24,772 - INFO - content: 4,359.9/5,000.0m3
2024-03-08 08:53:35,783 - INFO - capacity: 43599
2024-03-08 08:53:37,196 - INFO - content: 4677.3/5,0000m3
2024-03-08 08:53:48,277 - INFO - capacity: 46773
2024-03-08 08:53:49,676 - INFO - content: 4,734.7/5,0000m
2024-03-08 08:54:00,730 - INFO - capacity: 47347
2024-03-08 08:54:02,142 - INFO - content: 4,734.7/5,000.0m
2024-03-08 08:54:13,168 - INFO - capacity: 47347
2024-03-08 08:54:14,578 - INFO - content: 4,734.7/5,0000m
2024-03-08 08:54:25,611 - INFO - capacity: 47347
2024-03-08 08:54:27,026 - INFO - content: 4,734.7/5,000.0m
2024-03-08 08:54:38,047 - INFO - capacity: 47347
2024-03-08 08:54:39,449 - INFO - content: 5,000.0/5,0000ma
2024-03-08 08:54:39,449 - INFO - 货舱已满，回家
2024-03-08 08:54:51,922 - INFO - 开始返回空间站
2024-03-08 08:55:03,808 - INFO - 开始“停靠”
2024-03-08 08:55:45,999 - INFO - 已经返回空间站
2024-03-08 08:55:50,537 - INFO - 卸货
2024-03-08 08:55:55,295 - INFO - 出站
2024-03-08 08:56:06,844 - INFO - 找不到要去矿带
2024-03-08 08:57:44,909 - INFO - 到达矿场
2024-03-08 08:58:02,816 - INFO - 矿石选择成功
2024-03-08 08:58:02,816 - INFO - 找到一块矿石
2024-03-08 08:59:17,556 - INFO - 已经接近矿石
2024-03-08 08:59:49,594 - INFO - 开始锁定并挖矿
2024-03-08 08:59:50,970 - INFO - content: 0/5,0000m3
2024-03-08 09:00:00,978 - INFO - capacity: 0
2024-03-08 09:00:02,367 - INFO - content: 0/5,0000m3
2024-03-08 09:00:13,413 - INFO - capacity: 0
2024-03-08 09:00:14,811 - INFO - content: 0/5,0000m3
2024-03-08 09:00:25,808 - INFO - capacity: 0
2024-03-08 09:00:27,210 - INFO - content: 0/5,0000m
2024-03-08 09:00:38,300 - INFO - capacity: 0
2024-03-08 09:00:39,698 - INFO - content: 0/5,0000m3
2024-03-08 09:00:50,813 - INFO - capacity: 0
2024-03-08 09:00:52,203 - INFO - content: 89.7/5,0000m3
2024-03-08 09:00:53,109 - INFO - 矿石挖完了
2024-03-08 09:01:21,256 - INFO - 矿石选择成功
2024-03-08 09:01:21,256 - INFO - 找到一块矿石
2024-03-08 09:02:39,820 - INFO - 已经接近矿石
2024-03-08 09:03:10,631 - INFO - 开始锁定并挖矿
2024-03-08 09:03:12,024 - INFO - content: 89.7/5,0000m3
2024-03-08 09:03:22,034 - INFO - capacity: 897
2024-03-08 09:03:23,441 - INFO - content: 89.7/5,0000m3
2024-03-08 09:03:34,461 - INFO - capacity: 897
2024-03-08 09:03:35,846 - INFO - content: 89.7/5,0000m3
2024-03-08 09:03:46,890 - INFO - capacity: 897
2024-03-08 09:03:48,284 - INFO - content: 89.7/5,0000m3
2024-03-08 09:03:59,292 - INFO - capacity: 897
2024-03-08 09:04:00,692 - INFO - content: 89.7/5,0000m3
2024-03-08 09:04:11,772 - INFO - capacity: 897
2024-03-08 09:04:13,195 - INFO - content: 407.1/5,0000m3
2024-03-08 09:04:24,264 - INFO - capacity: 4071
2024-03-08 09:04:25,684 - INFO - content: 464.5/5,0000m3
2024-03-08 09:04:36,685 - INFO - capacity: 4645
2024-03-08 09:04:38,084 - INFO - content: 464.5/5,000.0m3
2024-03-08 09:04:49,131 - INFO - capacity: 4645
2024-03-08 09:04:50,537 - INFO - content: 464.5/5,0000m3
2024-03-08 09:05:01,540 - INFO - capacity: 4645
2024-03-08 09:05:02,942 - INFO - content: 464.5/5,0000m3
2024-03-08 09:05:13,992 - INFO - capacity: 4645
2024-03-08 09:05:15,400 - INFO - content: 781.9/5,0000m3
2024-03-08 09:05:26,469 - INFO - capacity: 7819
2024-03-08 09:05:27,882 - INFO - content: 839.3/5,0000m3
2024-03-08 09:05:38,886 - INFO - capacity: 8393
2024-03-08 09:05:40,289 - INFO - content: 839.3/5,0000m3
2024-03-08 09:05:51,312 - INFO - capacity: 8393
2024-03-08 09:05:52,721 - INFO - content: 839.3/5,0000m3
2024-03-08 09:06:03,778 - INFO - capacity: 8393
2024-03-08 09:06:05,172 - INFO - content: 839.3/5,0000m3
2024-03-08 09:06:16,211 - INFO - capacity: 8393
2024-03-08 09:06:17,624 - INFO - content: 1,156.7/5,0000m3
2024-03-08 09:06:28,627 - INFO - capacity: 11567
2024-03-08 09:06:30,026 - INFO - content: 1,214.1/5,0000m3
2024-03-08 09:06:41,051 - INFO - capacity: 12141
2024-03-08 09:06:42,457 - INFO - content: 1,214.1/5,0000m3
2024-03-08 09:06:53,471 - INFO - capacity: 12141
2024-03-08 09:06:54,883 - INFO - content: 1,214.1/5,0000m3
2024-03-08 09:07:05,909 - INFO - capacity: 12141
2024-03-08 09:07:07,323 - INFO - content: 1,531.5/5,0000m3
2024-03-08 09:07:18,370 - INFO - capacity: 15315
2024-03-08 09:07:19,760 - INFO - content: 1,531.5/5,0000m3
2024-03-08 09:07:30,762 - INFO - capacity: 15315
2024-03-08 09:07:32,168 - INFO - content: 1,588.9/5,0000m3
2024-03-08 09:07:43,164 - INFO - capacity: 15889
2024-03-08 09:07:44,576 - INFO - content: 1,588.9/5,0000m3
2024-03-08 09:07:55,580 - INFO - capacity: 15889
2024-03-08 09:07:56,988 - INFO - content: 1,588.9/5,0000m3
2024-03-08 09:08:08,052 - INFO - capacity: 15889
2024-03-08 09:08:09,451 - INFO - content: 1,906.3/5,0000m3
2024-03-08 09:08:20,473 - INFO - capacity: 19063
2024-03-08 09:08:21,888 - INFO - content: 1,906.3/5,0000m3
2024-03-08 09:08:32,892 - INFO - capacity: 19063
2024-03-08 09:08:34,311 - INFO - content: 1,963.7/5,0000m
2024-03-08 09:08:45,334 - INFO - capacity: 19637
2024-03-08 09:08:46,746 - INFO - content: 1,963.7/5,0000m
2024-03-08 09:08:57,753 - INFO - capacity: 19637
2024-03-08 09:08:59,170 - INFO - content: 1,963.7/5,0000m
2024-03-08 09:09:10,199 - INFO - capacity: 19637
2024-03-08 09:09:11,594 - INFO - content: 1,972.6/5,0000m
2024-03-08 09:09:12,508 - INFO - 矿石挖完了
2024-03-08 09:09:41,677 - INFO - 矿石选择成功
2024-03-08 09:09:41,677 - INFO - 找到一块矿石
2024-03-08 09:11:37,410 - INFO - 已经接近矿石
2024-03-08 09:12:09,186 - INFO - 开始锁定并挖矿
2024-03-08 09:12:10,578 - INFO - content: 1,972.6/5,0000m3
2024-03-08 09:12:20,581 - INFO - capacity: 19726
2024-03-08 09:12:21,993 - INFO - content: 1,972.6/5,0000m3
2024-03-08 09:12:33,069 - INFO - capacity: 19726
2024-03-08 09:12:34,477 - INFO - content: 1,972.6/5,0000m3
2024-03-08 09:12:45,514 - INFO - capacity: 19726
2024-03-08 09:12:46,908 - INFO - content: 1,972.6/5,0000m3
2024-03-08 09:12:57,933 - INFO - capacity: 19726
2024-03-08 09:12:59,335 - INFO - content: 1,972.6/5,0000m3
2024-03-08 09:13:10,353 - INFO - capacity: 19726
2024-03-08 09:13:11,766 - INFO - content: 2,290.0/5,000.0m
2024-03-08 09:13:22,801 - INFO - capacity: 22900
2024-03-08 09:13:24,205 - INFO - content: 2,347.4/5,0000m
2024-03-08 09:13:35,229 - INFO - capacity: 23474
2024-03-08 09:13:36,643 - INFO - content: 2,347.4/5,0000m
2024-03-08 09:13:47,680 - INFO - capacity: 23474
2024-03-08 09:13:49,084 - INFO - content: 2,347.4/5,0000m
2024-03-08 09:14:00,112 - INFO - capacity: 23474
2024-03-08 09:14:01,519 - INFO - content: 2,347.4/5,0000m
2024-03-08 09:14:12,544 - INFO - capacity: 23474
2024-03-08 09:14:13,958 - INFO - content: 2,664.8/5,000.0
2024-03-08 09:14:24,990 - INFO - capacity: 26648
2024-03-08 09:14:26,395 - INFO - content: 2,722.2/5,000.0m
2024-03-08 09:14:37,433 - INFO - capacity: 27222
2024-03-08 09:14:38,829 - INFO - content: 2,722.2/5,0000m
2024-03-08 09:14:49,835 - INFO - capacity: 27222
2024-03-08 09:14:51,225 - INFO - content: 2,722.2/5,000.0m
2024-03-08 09:15:02,258 - INFO - capacity: 27222
2024-03-08 09:15:03,666 - INFO - content: 2,722.2/5,000.0m
2024-03-08 09:15:14,762 - INFO - capacity: 27222
2024-03-08 09:15:16,244 - INFO - content: 3,039.6/5,0000m3
2024-03-08 09:15:27,329 - INFO - capacity: 30396
2024-03-08 09:15:28,732 - INFO - content: 3,097.0/5,0000m
2024-03-08 09:15:39,740 - INFO - capacity: 30970
2024-03-08 09:15:41,141 - INFO - content: 3,097.0/5,0000m
2024-03-08 09:15:52,170 - INFO - capacity: 30970
2024-03-08 09:15:53,585 - INFO - content: 3,097.0/5,0000m
2024-03-08 09:16:04,615 - INFO - capacity: 30970
2024-03-08 09:16:06,017 - INFO - content: 3,414.4/5,0000m
2024-03-08 09:16:17,032 - INFO - capacity: 34144
2024-03-08 09:16:18,430 - INFO - content: 3,414.4/5,0000m
2024-03-08 09:16:29,483 - INFO - capacity: 34144
2024-03-08 09:16:30,886 - INFO - content: 3,471.8/5,0000m3
2024-03-08 09:16:41,918 - INFO - capacity: 34718
2024-03-08 09:16:43,322 - INFO - content: 3,471.8/5,0000m3
2024-03-08 09:16:54,360 - INFO - capacity: 34718
2024-03-08 09:16:55,770 - INFO - content: 3,471.8/5,0000ma
2024-03-08 09:17:06,801 - INFO - capacity: 34718
2024-03-08 09:17:08,212 - INFO - content: 3,789.2/5,0000m
2024-03-08 09:17:19,256 - INFO - capacity: 37892
2024-03-08 09:17:20,666 - INFO - content: 3,789.2/5,0000m
2024-03-08 09:17:31,703 - INFO - capacity: 37892
2024-03-08 09:17:33,109 - INFO - content: 3,846.6/5,0000m3
2024-03-08 09:17:44,131 - INFO - capacity: 38466
2024-03-08 09:17:45,537 - INFO - content: 3,846.6/5,0000m3
2024-03-08 09:17:56,579 - INFO - capacity: 38466
2024-03-08 09:17:57,979 - INFO - content: 3,846.6/5,0000m3
2024-03-08 09:18:09,016 - INFO - capacity: 38466
2024-03-08 09:18:10,422 - INFO - content: 41640/5,0000ma
2024-03-08 09:18:21,444 - INFO - capacity: 41640
2024-03-08 09:18:22,850 - INFO - content: 41640/5,0000ma
2024-03-08 09:18:33,889 - INFO - capacity: 41640
2024-03-08 09:18:35,281 - INFO - content: 4221.4/5,0000ma
2024-03-08 09:18:46,283 - INFO - capacity: 42214
2024-03-08 09:18:47,688 - INFO - content: 4221.4/5,0000ma
2024-03-08 09:18:58,712 - INFO - capacity: 42214
2024-03-08 09:19:00,115 - INFO - content: 4221.4/5,0000ma
2024-03-08 09:19:11,163 - INFO - capacity: 42214
2024-03-08 09:19:12,575 - INFO - content: 4,538.8/5,0000m
2024-03-08 09:19:23,619 - INFO - capacity: 45388
2024-03-08 09:19:25,025 - INFO - content: 4,538.8/5,0000m
2024-03-08 09:19:36,071 - INFO - capacity: 45388
2024-03-08 09:19:37,481 - INFO - content: 4,596.2/5,0000ma
2024-03-08 09:19:48,511 - INFO - capacity: 45962
2024-03-08 09:19:49,917 - INFO - content: 4,596.2/5,0000ma
2024-03-08 09:20:00,939 - INFO - capacity: 45962
2024-03-08 09:20:02,349 - INFO - content: 4,596.2/5,0000ma
2024-03-08 09:20:13,365 - INFO - capacity: 45962
2024-03-08 09:20:14,776 - INFO - content: 4,913.6/5,0000m
2024-03-08 09:20:25,813 - INFO - capacity: 49136
2024-03-08 09:20:27,233 - INFO - content: 4,913.6/5,0000m
2024-03-08 09:20:38,264 - INFO - capacity: 49136
2024-03-08 09:20:39,681 - INFO - content: 4,971.0/5,0000ma
2024-03-08 09:20:50,688 - INFO - capacity: 49710
2024-03-08 09:20:52,090 - INFO - content: 4,971.0/5,0000ma
2024-03-08 09:21:03,108 - INFO - capacity: 49710
2024-03-08 09:21:04,515 - INFO - content: 4,971.0/5,0000ma
2024-03-08 09:21:15,542 - INFO - capacity: 49710
2024-03-08 09:21:16,954 - INFO - content: 5,000.0/5,0000ma
2024-03-08 09:21:16,955 - INFO - 货舱已满，回家
2024-03-08 09:21:30,182 - INFO - 开始返回空间站
2024-03-08 09:21:42,073 - INFO - 开始“停靠”
2024-03-08 09:22:21,381 - INFO - 已经返回空间站
2024-03-08 09:22:26,660 - INFO - 卸货
2024-03-08 09:22:31,466 - INFO - 出站
2024-03-08 09:22:43,001 - INFO - 找不到要去矿带
2024-03-08 09:23:33,050 - INFO - 到达矿场
2024-03-08 09:23:50,395 - INFO - 矿石选择成功
2024-03-08 09:23:50,395 - INFO - 找到一块矿石
2024-03-08 09:25:02,619 - INFO - 已经接近矿石
2024-03-08 09:25:32,755 - INFO - 开始锁定并挖矿
2024-03-08 09:25:34,143 - INFO - content: 0/5,0000m3
2024-03-08 09:25:44,143 - INFO - capacity: 0
2024-03-08 09:25:45,541 - INFO - content: 0/5,0000m3
2024-03-08 09:25:56,572 - INFO - capacity: 0
2024-03-08 09:25:57,951 - INFO - content: 0/5,0000m3
2024-03-08 09:26:08,991 - INFO - capacity: 0
2024-03-08 09:26:10,375 - INFO - content: 0/5,0000m3
2024-03-08 09:26:21,448 - INFO - capacity: 0
2024-03-08 09:26:22,836 - INFO - content: 0/5,0000m3
2024-03-08 09:26:33,851 - INFO - capacity: 0
2024-03-08 09:26:35,260 - INFO - content: 317.4/5,0000m3
2024-03-08 09:26:46,270 - INFO - capacity: 3174
2024-03-08 09:26:47,689 - INFO - content: 3748/5,0000m3
2024-03-08 09:26:58,720 - INFO - capacity: 3748
2024-03-08 09:27:00,135 - INFO - content: 3748/5,0000m3
2024-03-08 09:27:11,163 - INFO - capacity: 3748
2024-03-08 09:27:12,561 - INFO - content: 3748/5,0000m3
2024-03-08 09:27:23,560 - INFO - capacity: 3748
2024-03-08 09:27:24,966 - INFO - content: 3748/5,0000m3
2024-03-08 09:27:35,976 - INFO - capacity: 3748
2024-03-08 09:27:37,379 - INFO - content: 692.2/5,0000m3
2024-03-08 09:27:48,390 - INFO - capacity: 6922
2024-03-08 09:27:49,798 - INFO - content: 749.6/5,000.0m3
2024-03-08 09:28:00,806 - INFO - capacity: 7496
2024-03-08 09:28:02,208 - INFO - content: 749.6/5,000.0m3
2024-03-08 09:28:13,203 - INFO - capacity: 7496
2024-03-08 09:28:14,602 - INFO - content: 749.6/5,000.0m3
2024-03-08 09:28:25,615 - INFO - capacity: 7496
2024-03-08 09:28:27,018 - INFO - content: 749.6/5,000.0m3
2024-03-08 09:28:38,050 - INFO - capacity: 7496
2024-03-08 09:28:39,448 - INFO - content: 1,067.0/5,0000m3
2024-03-08 09:28:50,449 - INFO - capacity: 10670
2024-03-08 09:28:51,858 - INFO - content: 1,124.4/5,0000ma
2024-03-08 09:29:02,868 - INFO - capacity: 11244
2024-03-08 09:29:04,280 - INFO - content: 1,124.4/5,0000ma
2024-03-08 09:29:15,314 - INFO - capacity: 11244
2024-03-08 09:29:16,726 - INFO - content: 1,124.4/5,0000ma
2024-03-08 09:29:27,739 - INFO - capacity: 11244
2024-03-08 09:29:29,140 - INFO - content: 1,124.4/5,0000ma
2024-03-08 09:29:40,163 - INFO - capacity: 11244
2024-03-08 09:29:41,570 - INFO - content: 1,441.8/5,0000m3
2024-03-08 09:29:52,573 - INFO - capacity: 14418
2024-03-08 09:29:54,000 - INFO - content: 1,499.2/5,0000m3
2024-03-08 09:30:05,013 - INFO - capacity: 14992
2024-03-08 09:30:06,426 - INFO - content: 1,499.2/5,0000m3
2024-03-08 09:30:17,438 - INFO - capacity: 14992
2024-03-08 09:30:18,846 - INFO - content: 1,499.2/5,0000m3
2024-03-08 09:30:29,843 - INFO - capacity: 14992
2024-03-08 09:30:31,243 - INFO - content: 1,773.4/5,0000m3
2024-03-08 09:30:32,157 - INFO - 矿石挖完了
2024-03-08 09:31:00,959 - INFO - 矿石选择成功
2024-03-08 09:31:00,960 - INFO - 找到一块矿石
2024-03-08 09:33:05,041 - INFO - 已经接近矿石
2024-03-08 09:33:37,302 - INFO - 开始锁定并挖矿
2024-03-08 09:33:38,706 - INFO - content: 1,773.4/5,0000m3
2024-03-08 09:33:48,710 - INFO - capacity: 17734
2024-03-08 09:33:50,126 - INFO - content: 1,773.4/5,0000m3
2024-03-08 09:34:01,145 - INFO - capacity: 17734
2024-03-08 09:34:02,548 - INFO - content: 1,773.4/5,0000m3
2024-03-08 09:34:13,571 - INFO - capacity: 17734
2024-03-08 09:34:14,979 - INFO - content: 1,773.4/5,0000m3
2024-03-08 09:34:25,988 - INFO - capacity: 17734
2024-03-08 09:34:27,393 - INFO - content: 1,773.4/5,0000m3
2024-03-08 09:34:38,409 - INFO - capacity: 17734
2024-03-08 09:34:39,830 - INFO - content: 2,090.8/5,000.0m3
2024-03-08 09:34:50,864 - INFO - capacity: 20908
2024-03-08 09:34:52,274 - INFO - content: 2,148.2/5,0000m3
2024-03-08 09:35:03,285 - INFO - capacity: 21482
2024-03-08 09:35:04,693 - INFO - content: 2,148.2/5,0000m3
2024-03-08 09:35:15,711 - INFO - capacity: 21482
2024-03-08 09:35:17,123 - INFO - content: 2,148.2/5,0000m3
2024-03-08 09:35:28,133 - INFO - capacity: 21482
2024-03-08 09:35:29,529 - INFO - content: 2,148.2/5,000.0m3
2024-03-08 09:35:40,547 - INFO - capacity: 21482
2024-03-08 09:35:41,944 - INFO - content: 2,465.6/5,000.0m
2024-03-08 09:35:52,961 - INFO - capacity: 24656
2024-03-08 09:35:54,385 - INFO - content: 2,523.0/5,0000
2024-03-08 09:36:05,392 - INFO - capacity: 25230
2024-03-08 09:36:06,815 - INFO - content: 2,523.0/5,0000
2024-03-08 09:36:17,835 - INFO - capacity: 25230
2024-03-08 09:36:19,271 - INFO - content: 2,523.0/5,0000
2024-03-08 09:36:30,287 - INFO - capacity: 25230
2024-03-08 09:36:31,721 - INFO - content: 2,523.0/5,0000
2024-03-08 09:36:42,747 - INFO - capacity: 25230
2024-03-08 09:36:44,159 - INFO - content: 2840.4/5,000.0m
2024-03-08 09:36:55,170 - INFO - capacity: 28404
2024-03-08 09:36:56,578 - INFO - content: 2,897.8/5,000.0m3
2024-03-08 09:37:07,586 - INFO - capacity: 28978
2024-03-08 09:37:08,987 - INFO - content: 2,897.8/5,000.0m3
2024-03-08 09:37:20,002 - INFO - capacity: 28978
2024-03-08 09:37:21,419 - INFO - content: 2,897.8/5,000.0m3
2024-03-08 09:37:32,426 - INFO - capacity: 28978
2024-03-08 09:37:33,845 - INFO - content: 3,215.2/5,0000m
2024-03-08 09:37:44,859 - INFO - capacity: 32152
2024-03-08 09:37:46,269 - INFO - content: 3,215.2/5,0000m
2024-03-08 09:37:57,339 - INFO - capacity: 32152
2024-03-08 09:37:58,729 - INFO - content: 3,272.6/5,0000m3
2024-03-08 09:38:09,741 - INFO - capacity: 32726
2024-03-08 09:38:11,156 - INFO - content: 3,272.6/5,0000m3
2024-03-08 09:38:22,176 - INFO - capacity: 32726
2024-03-08 09:38:23,585 - INFO - content: 3,272.6/5,0000m3
2024-03-08 09:38:34,608 - INFO - capacity: 32726
2024-03-08 09:38:36,013 - INFO - content: 3,5900/5,0000ma
2024-03-08 09:38:47,045 - INFO - capacity: 35900
2024-03-08 09:38:48,452 - INFO - content: 3,5900/5,0000ma
2024-03-08 09:38:59,489 - INFO - capacity: 35900
2024-03-08 09:39:00,906 - INFO - content: 3,647.4/5,0000m3
2024-03-08 09:39:11,951 - INFO - capacity: 36474
2024-03-08 09:39:13,363 - INFO - content: 3,647.4/5,0000m3
2024-03-08 09:39:24,377 - INFO - capacity: 36474
2024-03-08 09:39:25,783 - INFO - content: 3,647.4/5,0000m3
2024-03-08 09:39:36,804 - INFO - capacity: 36474
2024-03-08 09:39:38,226 - INFO - content: 3,964.8/5,0000m
2024-03-08 09:39:49,259 - INFO - capacity: 39648
2024-03-08 09:39:50,655 - INFO - content: 3,964.8/5,0000m
2024-03-08 09:40:01,703 - INFO - capacity: 39648
2024-03-08 09:40:03,161 - INFO - content: 4022.2/5,0000m3
2024-03-08 09:40:14,184 - INFO - capacity: 40222
2024-03-08 09:40:15,592 - INFO - content: 4022.2/5,0000m3
2024-03-08 09:40:26,650 - INFO - capacity: 40222
2024-03-08 09:40:28,056 - INFO - content: 4022.2/5,0000ma
2024-03-08 09:40:39,085 - INFO - capacity: 40222
2024-03-08 09:40:40,483 - INFO - content: 4,339.6/5,000.0m3
2024-03-08 09:40:51,495 - INFO - capacity: 43396
2024-03-08 09:40:52,892 - INFO - content: 4,339.6/5,000.0m3
2024-03-08 09:41:03,914 - INFO - capacity: 43396
2024-03-08 09:41:05,320 - INFO - content: 4397.0/5,0000m3
2024-03-08 09:41:16,317 - INFO - capacity: 43970
2024-03-08 09:41:17,706 - INFO - content: 4397.0/5,0000m3
2024-03-08 09:41:28,716 - INFO - capacity: 43970
2024-03-08 09:41:30,109 - INFO - content: 4397.0/5,0000m3
2024-03-08 09:41:41,125 - INFO - capacity: 43970
2024-03-08 09:41:42,526 - INFO - content: 4,714.4/5,0000m
2024-03-08 09:41:53,577 - INFO - capacity: 47144
2024-03-08 09:41:54,983 - INFO - content: 4,714.4/5,0000ma
2024-03-08 09:42:05,997 - INFO - capacity: 47144
2024-03-08 09:42:07,397 - INFO - content: 4,771.8/5,0000ma
2024-03-08 09:42:18,406 - INFO - capacity: 47718
2024-03-08 09:42:19,796 - INFO - content: 4,771.8/5,0000ma
2024-03-08 09:42:30,813 - INFO - capacity: 47718
2024-03-08 09:42:32,216 - INFO - content: 4,771.8/5,0000ma
2024-03-08 09:42:43,227 - INFO - capacity: 47718
2024-03-08 09:42:44,631 - INFO - content: 4812.4/5,0000m
2024-03-08 09:42:45,542 - INFO - 矿石挖完了
2024-03-08 09:43:14,516 - INFO - 矿石选择成功
2024-03-08 09:43:14,517 - INFO - 找到一块矿石
2024-03-08 09:44:36,059 - INFO - 已经接近矿石
2024-03-08 09:45:07,358 - INFO - 开始锁定并挖矿
2024-03-08 09:45:08,765 - INFO - content: 4812.4/5,0000m
2024-03-08 09:45:18,769 - INFO - capacity: 48124
2024-03-08 09:45:20,176 - INFO - content: 4812.4/5,0000m
2024-03-08 09:45:31,196 - INFO - capacity: 48124
2024-03-08 09:45:32,611 - INFO - content: 4,812.4/5,0000m
2024-03-08 09:45:43,627 - INFO - capacity: 48124
2024-03-08 09:45:45,034 - INFO - content: 4812.4/5,0000ma
2024-03-08 09:45:56,051 - INFO - capacity: 48124
2024-03-08 09:45:57,465 - INFO - content: 4812.4/5,0000m
2024-03-08 09:46:08,483 - INFO - capacity: 48124
2024-03-08 09:46:09,891 - INFO - content: 5,000.0/5,0000ma
2024-03-08 09:46:09,891 - INFO - 货舱已满，回家
2024-03-08 09:46:22,717 - INFO - 开始返回空间站
2024-03-08 09:46:33,919 - INFO - 开始“停靠”
2024-03-08 09:47:14,899 - INFO - 已经返回空间站
2024-03-08 09:47:19,855 - INFO - 卸货
2024-03-08 09:47:24,104 - INFO - 出站
2024-03-08 09:47:35,998 - INFO - 找不到要去矿带
2024-03-08 09:48:25,460 - INFO - 到达矿场
2024-03-08 09:48:43,683 - INFO - 矿石选择成功
2024-03-08 09:48:43,683 - INFO - 找到一块矿石
2024-03-08 09:49:46,825 - INFO - 已经接近矿石
2024-03-08 09:50:16,796 - INFO - 开始锁定并挖矿
2024-03-08 09:50:18,191 - INFO - content: 0/5,0000m
2024-03-08 09:50:28,202 - INFO - capacity: 0
2024-03-08 09:50:29,600 - INFO - content: 0/5,0000m3
2024-03-08 09:50:40,661 - INFO - capacity: 0
2024-03-08 09:50:42,047 - INFO - content: 0/5,0000m
2024-03-08 09:50:53,098 - INFO - capacity: 0
2024-03-08 09:50:54,479 - INFO - content: 0/5,0000m3
2024-03-08 09:51:05,513 - INFO - capacity: 0
2024-03-08 09:51:06,901 - INFO - content: 0/5,0000m
2024-03-08 09:51:17,913 - INFO - capacity: 0
2024-03-08 09:51:19,329 - INFO - content: 317.4/5,0000m3
2024-03-08 09:51:30,345 - INFO - capacity: 3174
2024-03-08 09:51:31,756 - INFO - content: 374.8/5,0000m3
2024-03-08 09:51:42,803 - INFO - capacity: 3748
2024-03-08 09:51:44,216 - INFO - content: 374.8/5,0000m3
2024-03-08 09:51:55,217 - INFO - capacity: 3748
2024-03-08 09:51:56,638 - INFO - content: 374.8/5,0000m3
2024-03-08 09:52:07,647 - INFO - capacity: 3748
2024-03-08 09:52:09,059 - INFO - content: 374.8/5,0000m3
2024-03-08 09:52:20,087 - INFO - capacity: 3748
2024-03-08 09:52:21,495 - INFO - content: 692.2/5,0000m3
2024-03-08 09:52:32,591 - INFO - capacity: 6922
2024-03-08 09:52:34,002 - INFO - content: 749.6/5,000.0m3
2024-03-08 09:52:45,015 - INFO - capacity: 7496
2024-03-08 09:52:46,439 - INFO - content: 749.6/5,000.0m3
2024-03-08 09:52:57,459 - INFO - capacity: 7496
2024-03-08 09:52:58,865 - INFO - content: 749.6/5,000.0m3
2024-03-08 09:53:09,910 - INFO - capacity: 7496
2024-03-08 09:53:11,331 - INFO - content: 749.6/5,000.0m3
2024-03-08 09:53:22,340 - INFO - capacity: 7496
2024-03-08 09:53:23,756 - INFO - content: 1,067.0/5,0000m3
2024-03-08 09:53:34,834 - INFO - capacity: 10670
2024-03-08 09:53:36,251 - INFO - content: 1,124.4/5,0000m3
2024-03-08 09:53:47,295 - INFO - capacity: 11244
2024-03-08 09:53:48,711 - INFO - content: 1,124.4/5,0000ma
2024-03-08 09:53:59,757 - INFO - capacity: 11244
2024-03-08 09:54:01,177 - INFO - content: 1,124.4/5,0000m3
2024-03-08 09:54:12,216 - INFO - capacity: 11244
2024-03-08 09:54:13,634 - INFO - content: 1,441.8/5,0000m3
2024-03-08 09:54:24,700 - INFO - capacity: 14418
2024-03-08 09:54:26,118 - INFO - content: 1,441.8/5,0000m3
2024-03-08 09:54:37,157 - INFO - capacity: 14418
2024-03-08 09:54:38,557 - INFO - content: 1,499.2/5,0000m3
2024-03-08 09:54:49,574 - INFO - capacity: 14992
2024-03-08 09:54:50,975 - INFO - content: 1,499.2/5,0000m3
2024-03-08 09:55:02,033 - INFO - capacity: 14992
2024-03-08 09:55:03,434 - INFO - content: 1,499.2/5,0000m3
2024-03-08 09:55:14,490 - INFO - capacity: 14992
2024-03-08 09:55:15,907 - INFO - content: 1,816.6/5,000.0m
2024-03-08 09:55:26,962 - INFO - capacity: 18166
2024-03-08 09:55:28,378 - INFO - content: 1,816.6/5,000.0m
2024-03-08 09:55:39,414 - INFO - capacity: 18166
2024-03-08 09:55:40,834 - INFO - content: 1,8740/5,0000m3
2024-03-08 09:55:51,854 - INFO - capacity: 18740
2024-03-08 09:55:53,251 - INFO - content: 1,8740/5,0000m3
2024-03-08 09:56:04,273 - INFO - capacity: 18740
2024-03-08 09:56:05,688 - INFO - content: 1,8740/5,0000m3
2024-03-08 09:56:16,730 - INFO - capacity: 18740
2024-03-08 09:56:18,137 - INFO - content: 2,191.4/5,0000m3
2024-03-08 09:56:29,208 - INFO - capacity: 21914
2024-03-08 09:56:30,607 - INFO - content: 2,191.4/5,0000m3
2024-03-08 09:56:41,635 - INFO - capacity: 21914
2024-03-08 09:56:43,057 - INFO - content: 2,248.8/5,000.0m
2024-03-08 09:56:54,114 - INFO - capacity: 22488
2024-03-08 09:56:55,531 - INFO - content: 2,248.8/5,000.0m3
2024-03-08 09:57:06,588 - INFO - capacity: 22488
2024-03-08 09:57:08,003 - INFO - content: 2,248.8/5,000.0m
2024-03-08 09:57:19,027 - INFO - capacity: 22488
2024-03-08 09:57:20,461 - INFO - content: 2,566.2/5,0000
2024-03-08 09:57:31,483 - INFO - capacity: 25662
2024-03-08 09:57:32,916 - INFO - content: 2,566.2/5,0000
2024-03-08 09:57:43,938 - INFO - capacity: 25662
2024-03-08 09:57:45,363 - INFO - content: 2,623.6/5,0000
2024-03-08 09:57:56,390 - INFO - capacity: 26236
2024-03-08 09:57:57,827 - INFO - content: 2,623.6/5,0000
2024-03-08 09:58:08,848 - INFO - capacity: 26236
2024-03-08 09:58:10,285 - INFO - content: 2,623.6/5,0000
2024-03-08 09:58:21,320 - INFO - capacity: 26236
2024-03-08 09:58:22,739 - INFO - content: 2,941.0/5,0000m3
2024-03-08 09:58:33,757 - INFO - capacity: 29410
2024-03-08 09:58:35,163 - INFO - content: 2,941.0/5,0000m3
2024-03-08 09:58:46,204 - INFO - capacity: 29410
2024-03-08 09:58:47,616 - INFO - content: 2,998.4/5,0000m
2024-03-08 09:58:58,627 - INFO - capacity: 29984
2024-03-08 09:59:00,047 - INFO - content: 2,998.4/5,0000m
2024-03-08 09:59:11,077 - INFO - capacity: 29984
2024-03-08 09:59:12,490 - INFO - content: 2,998.4/5,0000m
2024-03-08 09:59:23,504 - INFO - capacity: 29984
2024-03-08 09:59:24,914 - INFO - content: 3,315.8/5,0000m
2024-03-08 09:59:35,921 - INFO - capacity: 33158
2024-03-08 09:59:37,337 - INFO - content: 3,315.8/5,0000m
2024-03-08 09:59:48,376 - INFO - capacity: 33158
2024-03-08 09:59:49,785 - INFO - content: 3,373.2/5,0000m3
2024-03-08 10:00:00,807 - INFO - capacity: 33732
2024-03-08 10:00:02,217 - INFO - content: 3,373.2/5,0000m3
2024-03-08 10:00:13,226 - INFO - capacity: 33732
2024-03-08 10:00:14,645 - INFO - content: 3,690.6/5,0000ma
2024-03-08 10:00:25,659 - INFO - capacity: 36906
2024-03-08 10:00:27,074 - INFO - content: 3,690.6/5,0000ma
2024-03-08 10:00:38,122 - INFO - capacity: 36906
2024-03-08 10:00:39,525 - INFO - content: 3,690.6/5,0000ma
2024-03-08 10:00:50,575 - INFO - capacity: 36906
2024-03-08 10:00:51,991 - INFO - content: 3,748.0/5,0000m
2024-03-08 10:01:03,026 - INFO - capacity: 37480
2024-03-08 10:01:04,438 - INFO - content: 3,748.0/5,0000m
2024-03-08 10:01:15,506 - INFO - capacity: 37480
2024-03-08 10:01:15,506 - INFO - 货舱长时间不变，重启
2024-03-08 10:01:43,389 - INFO - 矿石选择成功
2024-03-08 10:01:43,389 - INFO - 找到一块矿石
2024-03-08 10:02:04,791 - INFO - 已经接近矿石
2024-03-08 10:02:37,412 - INFO - 开始锁定并挖矿
2024-03-08 10:02:38,834 - INFO - content: 3,972.7/5,0000m
2024-03-08 10:02:48,839 - INFO - capacity: 39727
2024-03-08 10:02:50,245 - INFO - content: 3,972.7/5,0000m
2024-03-08 10:03:01,261 - INFO - capacity: 39727
2024-03-08 10:03:02,674 - INFO - content: 3,972.7/5,0000m
2024-03-08 10:03:13,692 - INFO - capacity: 39727
2024-03-08 10:03:15,109 - INFO - content: 3,972.7/5,0000m
2024-03-08 10:03:26,122 - INFO - capacity: 39727
2024-03-08 10:03:27,530 - INFO - content: 3,972.7/5,0000m
2024-03-08 10:03:38,543 - INFO - capacity: 39727
2024-03-08 10:03:39,953 - INFO - content: 4290.1/5,0000ma
2024-03-08 10:03:50,970 - INFO - capacity: 42901
2024-03-08 10:03:52,381 - INFO - content: 4,347.5/5,0000m
2024-03-08 10:04:03,394 - INFO - capacity: 43475
2024-03-08 10:04:04,802 - INFO - content: 4,347.5/5,0000m
2024-03-08 10:04:15,819 - INFO - capacity: 43475
2024-03-08 10:04:17,225 - INFO - content: 4,347.5/5,0000m
2024-03-08 10:04:28,252 - INFO - capacity: 43475
2024-03-08 10:04:29,647 - INFO - content: 4,347.5/5,0000m
2024-03-08 10:04:40,661 - INFO - capacity: 43475
2024-03-08 10:04:42,078 - INFO - content: 4664.9/5,0000ma
2024-03-08 10:04:53,087 - INFO - capacity: 46649
2024-03-08 10:04:54,496 - INFO - content: 4,722.3/5,0000m3
2024-03-08 10:05:05,531 - INFO - capacity: 47223
2024-03-08 10:05:06,937 - INFO - content: 4,722.3/5,0000m3
2024-03-08 10:05:17,948 - INFO - capacity: 47223
2024-03-08 10:05:19,362 - INFO - content: 4,722.3/5,0000m
2024-03-08 10:05:30,368 - INFO - capacity: 47223
2024-03-08 10:05:31,781 - INFO - content: 4,722.3/5,0000m
2024-03-08 10:05:42,804 - INFO - capacity: 47223
2024-03-08 10:05:44,215 - INFO - content: 5,0000/5,0000ma
2024-03-08 10:05:44,216 - INFO - 货舱已满，回家
2024-03-08 10:05:57,123 - INFO - 开始返回空间站
2024-03-08 10:06:09,342 - INFO - 开始“停靠”
2024-03-08 10:06:55,193 - INFO - 已经返回空间站
2024-03-08 10:06:59,607 - INFO - 卸货
2024-03-08 10:07:04,233 - INFO - 出站
2024-03-08 10:07:15,202 - INFO - 找不到要去矿带
2024-03-08 10:08:03,956 - INFO - 到达矿场
2024-03-08 10:08:21,170 - INFO - 矿石选择成功
2024-03-08 10:08:21,171 - INFO - 找到一块矿石
2024-03-08 10:09:36,422 - INFO - 已经接近矿石
2024-03-08 10:10:07,166 - INFO - 开始锁定并挖矿
2024-03-08 10:10:08,555 - INFO - content: 0/5,0000m
2024-03-08 10:10:18,569 - INFO - capacity: 0
2024-03-08 10:10:19,963 - INFO - content: 0/5,0000m3
2024-03-08 10:10:30,959 - INFO - capacity: 0
2024-03-08 10:10:32,354 - INFO - content: 0/5,0000m
2024-03-08 10:10:43,360 - INFO - capacity: 0
2024-03-08 10:10:44,754 - INFO - content: 0/5,0000m
2024-03-08 10:10:55,791 - INFO - capacity: 0
2024-03-08 10:10:57,187 - INFO - content: 0/5,0000m
2024-03-08 10:11:08,229 - INFO - capacity: 0
2024-03-08 10:11:09,633 - INFO - content: 317.4/5,0000m3
2024-03-08 10:11:20,681 - INFO - capacity: 3174
2024-03-08 10:11:22,108 - INFO - content: 3748/5,0000m3
2024-03-08 10:11:33,187 - INFO - capacity: 3748
2024-03-08 10:11:34,625 - INFO - content: 374.8/5,0000m3
2024-03-08 10:11:45,687 - INFO - capacity: 3748
2024-03-08 10:11:47,116 - INFO - content: 374.8/5,0000m3
2024-03-08 10:11:58,198 - INFO - capacity: 3748
2024-03-08 10:11:59,608 - INFO - content: 374.8/5,0000m3
2024-03-08 10:12:10,640 - INFO - capacity: 3748
2024-03-08 10:12:12,058 - INFO - content: 692.2/5,0000m3
2024-03-08 10:12:23,075 - INFO - capacity: 6922
2024-03-08 10:12:24,489 - INFO - content: 749.6/5,000.0m3
2024-03-08 10:12:35,548 - INFO - capacity: 7496
2024-03-08 10:12:36,951 - INFO - content: 749.6/5,000.0m3
2024-03-08 10:12:48,006 - INFO - capacity: 7496
2024-03-08 10:12:49,411 - INFO - content: 749.6/5,000.0m3
2024-03-08 10:13:00,470 - INFO - capacity: 7496
2024-03-08 10:13:01,888 - INFO - content: 749.6/5,000.0m3
2024-03-08 10:13:12,907 - INFO - capacity: 7496
2024-03-08 10:13:14,311 - INFO - content: 1,067.0/5,0000m3
2024-03-08 10:13:25,344 - INFO - capacity: 10670
2024-03-08 10:13:26,754 - INFO - content: 1,124.4/5,0000m3
2024-03-08 10:13:37,768 - INFO - capacity: 11244
2024-03-08 10:13:39,185 - INFO - content: 1,124.4/5,0000m3
2024-03-08 10:13:50,221 - INFO - capacity: 11244
2024-03-08 10:13:51,632 - INFO - content: 1,124.4/5,0000m3
2024-03-08 10:14:02,666 - INFO - capacity: 11244
2024-03-08 10:14:04,072 - INFO - content: 1,441.8/5,0000m3
2024-03-08 10:14:15,088 - INFO - capacity: 14418
2024-03-08 10:14:16,507 - INFO - content: 1,441.8/5,0000m3
2024-03-08 10:14:27,585 - INFO - capacity: 14418
2024-03-08 10:14:28,996 - INFO - content: 1,499.2/5,0000m3
2024-03-08 10:14:40,034 - INFO - capacity: 14992
2024-03-08 10:14:41,448 - INFO - content: 1,499.2/5,0000m3
2024-03-08 10:14:52,478 - INFO - capacity: 14992
2024-03-08 10:14:53,892 - INFO - content: 1,499.2/5,0000m3
2024-03-08 10:15:04,928 - INFO - capacity: 14992
2024-03-08 10:15:06,338 - INFO - content: 1,816.6/5,000.0m
2024-03-08 10:15:17,388 - INFO - capacity: 18166
2024-03-08 10:15:18,814 - INFO - content: 1,816.6/5,000.0m
2024-03-08 10:15:29,893 - INFO - capacity: 18166
2024-03-08 10:15:31,312 - INFO - content: 1,8740/5,0000m3
2024-03-08 10:15:42,344 - INFO - capacity: 18740
2024-03-08 10:15:43,754 - INFO - content: 1,8740/5,0000m3
2024-03-08 10:15:54,800 - INFO - capacity: 18740
2024-03-08 10:15:56,217 - INFO - content: 1,8740/5,0000m3
2024-03-08 10:16:07,246 - INFO - capacity: 18740
2024-03-08 10:16:08,659 - INFO - content: 2,191.4/5,0000m3
2024-03-08 10:16:19,718 - INFO - capacity: 21914
2024-03-08 10:16:21,119 - INFO - content: 2,191.4/5,0000m3
2024-03-08 10:16:32,178 - INFO - capacity: 21914
2024-03-08 10:16:33,574 - INFO - content: 2,248.8/5,000.0m
2024-03-08 10:16:44,648 - INFO - capacity: 22488
2024-03-08 10:16:46,050 - INFO - content: 2,248.8/5,0000m
2024-03-08 10:16:57,095 - INFO - capacity: 22488
2024-03-08 10:16:58,488 - INFO - content: 2,248.8/5,0000m
2024-03-08 10:17:09,532 - INFO - capacity: 22488
2024-03-08 10:17:10,967 - INFO - content: 2,566.2/5,0000
2024-03-08 10:17:22,007 - INFO - capacity: 25662
2024-03-08 10:17:23,427 - INFO - content: 2,566.2/5,0000
2024-03-08 10:17:34,462 - INFO - capacity: 25662
2024-03-08 10:17:35,889 - INFO - content: 2,623.6/5,0000
2024-03-08 10:17:46,929 - INFO - capacity: 26236
2024-03-08 10:17:48,366 - INFO - content: 2,623.6/5,0000
2024-03-08 10:17:59,431 - INFO - capacity: 26236
2024-03-08 10:18:00,862 - INFO - content: 2,623.6/5,0000
2024-03-08 10:18:11,942 - INFO - capacity: 26236
2024-03-08 10:18:13,343 - INFO - content: 2,941.0/5,0000m3
2024-03-08 10:18:24,430 - INFO - capacity: 29410
2024-03-08 10:18:25,843 - INFO - content: 2,941.0/5,0000m3
2024-03-08 10:18:36,881 - INFO - capacity: 29410
2024-03-08 10:18:38,294 - INFO - content: 2,998.4/5,0000m
2024-03-08 10:18:49,309 - INFO - capacity: 29984
2024-03-08 10:18:50,727 - INFO - content: 2,998.4/5,0000m
2024-03-08 10:19:01,771 - INFO - capacity: 29984
2024-03-08 10:19:03,182 - INFO - content: 3,157.1/5,0000m3
2024-03-08 10:19:14,198 - INFO - capacity: 31571
2024-03-08 10:19:15,609 - INFO - content: 3,315.8/5,0000m
2024-03-08 10:19:26,637 - INFO - capacity: 33158
2024-03-08 10:19:28,047 - INFO - content: 3,315.8/5,0000m
2024-03-08 10:19:39,116 - INFO - capacity: 33158
2024-03-08 10:19:40,526 - INFO - content: 3,373.2/5,0000m3
2024-03-08 10:19:51,535 - INFO - capacity: 33732
2024-03-08 10:19:52,945 - INFO - content: 3,373.2/5,0000m3
2024-03-08 10:20:03,998 - INFO - capacity: 33732
2024-03-08 10:20:05,393 - INFO - content: 3,690.6/5,0000ma
2024-03-08 10:20:16,430 - INFO - capacity: 36906
2024-03-08 10:20:17,840 - INFO - content: 3,690.6/5,0000ma
2024-03-08 10:20:28,849 - INFO - capacity: 36906
2024-03-08 10:20:30,255 - INFO - content: 3,690.6/5,0000ma
2024-03-08 10:20:41,295 - INFO - capacity: 36906
2024-03-08 10:20:42,700 - INFO - content: 3,719.7/5,0000m
2024-03-08 10:20:43,615 - INFO - 矿石挖完了
2024-03-08 10:21:12,702 - INFO - 矿石选择成功
2024-03-08 10:21:12,702 - INFO - 找到一块矿石
2024-03-08 10:22:00,888 - INFO - 已经接近矿石
2024-03-08 10:22:31,888 - INFO - 开始锁定并挖矿
2024-03-08 10:22:33,281 - INFO - content: 3,719.7/5,0000m
2024-03-08 10:22:43,282 - INFO - capacity: 37197
2024-03-08 10:22:44,667 - INFO - content: 3,719.7/5,0000m
2024-03-08 10:22:55,682 - INFO - capacity: 37197
2024-03-08 10:22:57,088 - INFO - content: 3,719.7/5,0000m
2024-03-08 10:23:08,096 - INFO - capacity: 37197
2024-03-08 10:23:09,506 - INFO - content: 3,719.7/5,0000m
2024-03-08 10:23:20,509 - INFO - capacity: 37197
2024-03-08 10:23:21,909 - INFO - content: 3,719.7/5,0000m3
2024-03-08 10:23:32,898 - INFO - capacity: 37197
2024-03-08 10:23:34,313 - INFO - content: 4037.1/5,0000m3
2024-03-08 10:23:45,345 - INFO - capacity: 40371
2024-03-08 10:23:46,745 - INFO - content: 4094.5/5,0000ma
2024-03-08 10:23:57,765 - INFO - capacity: 40945
2024-03-08 10:23:59,152 - INFO - content: 4094.5/5,0000ma
2024-03-08 10:24:10,170 - INFO - capacity: 40945
2024-03-08 10:24:11,583 - INFO - content: 4094.5/5,0000ma
2024-03-08 10:24:22,599 - INFO - capacity: 40945
2024-03-08 10:24:24,010 - INFO - content: 4094.5/5,0000ma
2024-03-08 10:24:35,004 - INFO - capacity: 40945
2024-03-08 10:24:36,405 - INFO - content: 4,411.9/5,0000ma
2024-03-08 10:24:47,414 - INFO - capacity: 44119
2024-03-08 10:24:48,819 - INFO - content: 4,469.3/5,0000m
2024-03-08 10:24:59,814 - INFO - capacity: 44693
2024-03-08 10:25:01,208 - INFO - content: 4,469.3/5,0000m
2024-03-08 10:25:12,208 - INFO - capacity: 44693
2024-03-08 10:25:13,605 - INFO - content: 4,469.3/5,0000m
2024-03-08 10:25:24,613 - INFO - capacity: 44693
2024-03-08 10:25:26,017 - INFO - content: 4,469.3/5,0000m
2024-03-08 10:25:37,019 - INFO - capacity: 44693
2024-03-08 10:25:38,427 - INFO - content: 4,786.7/5,0000m
2024-03-08 10:25:49,423 - INFO - capacity: 47867
2024-03-08 10:25:50,819 - INFO - content: 4,844.1/5,0000m
2024-03-08 10:26:01,841 - INFO - capacity: 48441
2024-03-08 10:26:03,254 - INFO - content: 4,844.1/5,0000ma
2024-03-08 10:26:14,388 - INFO - capacity: 48441
2024-03-08 10:26:15,786 - INFO - content: 4,844.1/5,0000m3
2024-03-08 10:26:26,819 - INFO - capacity: 48441
2024-03-08 10:26:28,226 - INFO - content: 5,000.0/5,0000ma
2024-03-08 10:26:28,226 - INFO - 货舱已满，回家
2024-03-08 10:26:41,357 - INFO - 开始返回空间站
2024-03-08 10:26:54,815 - INFO - 开始“停靠”
2024-03-08 10:27:33,643 - INFO - 已经返回空间站
2024-03-08 10:27:37,279 - INFO - 卸货
2024-03-08 10:27:42,110 - INFO - 出站
2024-03-08 10:27:53,230 - INFO - 找不到要去矿带
2024-03-08 10:28:41,334 - INFO - 到达矿场
2024-03-08 10:28:58,331 - INFO - 矿石选择成功
2024-03-08 10:28:58,333 - INFO - 找到一块矿石
2024-03-08 10:29:59,328 - INFO - 已经接近矿石
2024-03-08 10:30:33,183 - INFO - 开始锁定并挖矿
2024-03-08 10:30:34,569 - INFO - content: 0/5,0000m3
2024-03-08 10:30:44,581 - INFO - capacity: 0
2024-03-08 10:30:45,973 - INFO - content: 0/5,0000m3
2024-03-08 10:30:56,989 - INFO - capacity: 0
2024-03-08 10:30:58,383 - INFO - content: 0/5,0000m3
2024-03-08 10:31:09,403 - INFO - capacity: 0
2024-03-08 10:31:10,783 - INFO - content: 0/5,0000m3
2024-03-08 10:31:21,791 - INFO - capacity: 0
2024-03-08 10:31:23,191 - INFO - content: 0/5,0000m3
2024-03-08 10:31:34,216 - INFO - capacity: 0
2024-03-08 10:31:35,627 - INFO - content: 317.4/5,0000m3
2024-03-08 10:31:46,642 - INFO - capacity: 3174
2024-03-08 10:31:48,044 - INFO - content: 3748/5,0000m3
2024-03-08 10:31:59,086 - INFO - capacity: 3748
2024-03-08 10:32:00,493 - INFO - content: 3748/5,0000m3
2024-03-08 10:32:11,527 - INFO - capacity: 3748
2024-03-08 10:32:12,939 - INFO - content: 3748/5,0000m3
2024-03-08 10:32:23,966 - INFO - capacity: 3748
2024-03-08 10:32:25,381 - INFO - content: 3748/5,0000m3
2024-03-08 10:32:36,404 - INFO - capacity: 3748
2024-03-08 10:32:37,816 - INFO - content: 692.2/5,0000m3
2024-03-08 10:32:48,852 - INFO - capacity: 6922
2024-03-08 10:32:50,261 - INFO - content: 749.6/5,000.0m3
2024-03-08 10:33:01,285 - INFO - capacity: 7496
2024-03-08 10:33:02,691 - INFO - content: 749.6/5,000.0m3
2024-03-08 10:33:13,730 - INFO - capacity: 7496
2024-03-08 10:33:15,139 - INFO - content: 749.6/5,000.0m3
2024-03-08 10:33:26,177 - INFO - capacity: 7496
2024-03-08 10:33:27,576 - INFO - content: 749.6/5,000.0m3
2024-03-08 10:33:38,609 - INFO - capacity: 7496
2024-03-08 10:33:40,010 - INFO - content: 1,067.0/5,0000m3
2024-03-08 10:33:51,030 - INFO - capacity: 10670
2024-03-08 10:33:52,437 - INFO - content: 1,124.4/5,0000m3
2024-03-08 10:34:03,441 - INFO - capacity: 11244
2024-03-08 10:34:04,848 - INFO - content: 1,124.4/5,0000m3
2024-03-08 10:34:15,863 - INFO - capacity: 11244
2024-03-08 10:34:17,272 - INFO - content: 1,124.4/5,0000m3
2024-03-08 10:34:28,306 - INFO - capacity: 11244
2024-03-08 10:34:29,705 - INFO - content: 1,441.8/5,0000m3
2024-03-08 10:34:40,731 - INFO - capacity: 14418
2024-03-08 10:34:42,149 - INFO - content: 1,441.8/5,0000m3
2024-03-08 10:34:53,188 - INFO - capacity: 14418
2024-03-08 10:34:54,589 - INFO - content: 1,499.2/5,0000m3
2024-03-08 10:35:05,610 - INFO - capacity: 14992
2024-03-08 10:35:07,014 - INFO - content: 1,499.2/5,0000m3
2024-03-08 10:35:18,023 - INFO - capacity: 14992
2024-03-08 10:35:19,441 - INFO - content: 1,499.2/5,0000m3
2024-03-08 10:35:30,470 - INFO - capacity: 14992
2024-03-08 10:35:31,881 - INFO - content: 1,816.6/5,0000m3
2024-03-08 10:35:42,896 - INFO - capacity: 18166
2024-03-08 10:35:44,310 - INFO - content: 1,816.6/5,0000m3
2024-03-08 10:35:55,320 - INFO - capacity: 18166
2024-03-08 10:35:56,751 - INFO - content: 1,874.0/5,000.0m3
2024-03-08 10:36:07,762 - INFO - capacity: 18740
2024-03-08 10:36:09,174 - INFO - content: 1,874.0/5,000.0m3
2024-03-08 10:36:20,197 - INFO - capacity: 18740
2024-03-08 10:36:21,625 - INFO - content: 1,874.0/5,000.0m3
2024-03-08 10:36:32,639 - INFO - capacity: 18740
2024-03-08 10:36:34,058 - INFO - content: 2,191.4/5,0000m3
2024-03-08 10:36:45,076 - INFO - capacity: 21914
2024-03-08 10:36:46,491 - INFO - content: 2,191.4/5,0000m3
2024-03-08 10:36:57,512 - INFO - capacity: 21914
2024-03-08 10:36:58,935 - INFO - content: 2,248.8/5,0000m
2024-03-08 10:37:09,941 - INFO - capacity: 22488
2024-03-08 10:37:11,363 - INFO - content: 2,248.8/5,0000m
2024-03-08 10:37:22,378 - INFO - capacity: 22488
2024-03-08 10:37:23,779 - INFO - content: 2,248.8/5,0000m
2024-03-08 10:37:34,797 - INFO - capacity: 22488
2024-03-08 10:37:36,212 - INFO - content: 2,566.2/5,000.0
2024-03-08 10:37:47,230 - INFO - capacity: 25662
2024-03-08 10:37:48,656 - INFO - content: 2,566.2/5,000.0
2024-03-08 10:37:59,657 - INFO - capacity: 25662
2024-03-08 10:38:01,089 - INFO - content: 2,623.6/5,0000
2024-03-08 10:38:12,096 - INFO - capacity: 26236
2024-03-08 10:38:13,512 - INFO - content: 2,623.6/5,0000
2024-03-08 10:38:24,520 - INFO - capacity: 26236
2024-03-08 10:38:25,946 - INFO - content: 2,623.6/5,0000
2024-03-08 10:38:36,986 - INFO - capacity: 26236
2024-03-08 10:38:38,397 - INFO - content: 2,941.0/5,0000m
2024-03-08 10:38:49,413 - INFO - capacity: 29410
2024-03-08 10:38:50,822 - INFO - content: 2,941.0/5,0000m
2024-03-08 10:39:01,846 - INFO - capacity: 29410
2024-03-08 10:39:03,261 - INFO - content: 2,998.4/5,0000m
2024-03-08 10:39:14,293 - INFO - capacity: 29984
2024-03-08 10:39:15,695 - INFO - content: 2,998.4/5,0000m
2024-03-08 10:39:26,706 - INFO - capacity: 29984
2024-03-08 10:39:28,114 - INFO - content: 2,998.4/5,0000m
2024-03-08 10:39:39,147 - INFO - capacity: 29984
2024-03-08 10:39:40,554 - INFO - content: 3,315.8/5,0000m
2024-03-08 10:39:51,585 - INFO - capacity: 33158
2024-03-08 10:39:52,987 - INFO - content: 3,315.8/5,0000m
2024-03-08 10:40:04,011 - INFO - capacity: 33158
2024-03-08 10:40:05,440 - INFO - content: 3,373.2/5,0000m3
2024-03-08 10:40:16,493 - INFO - capacity: 33732
2024-03-08 10:40:17,916 - INFO - content: 3,373.2/5,0000m3
2024-03-08 10:40:28,986 - INFO - capacity: 33732
2024-03-08 10:40:30,405 - INFO - content: 3,621.6/5,0000m3
2024-03-08 10:40:31,320 - INFO - 矿石挖完了
2024-03-08 10:40:59,715 - INFO - 矿石选择成功
2024-03-08 10:40:59,715 - INFO - 找到一块矿石
2024-03-08 10:42:58,625 - INFO - 已经接近矿石
2024-03-08 10:43:27,764 - INFO - 开始锁定并挖矿
2024-03-08 10:43:29,161 - INFO - content: 3,621.6/5,0000m3
2024-03-08 10:43:39,172 - INFO - capacity: 36216
2024-03-08 10:43:40,573 - INFO - content: 3,621.6/5,0000m3
2024-03-08 10:43:51,589 - INFO - capacity: 36216
2024-03-08 10:43:52,989 - INFO - content: 3,621.6/5,0000ma
2024-03-08 10:44:04,003 - INFO - capacity: 36216
2024-03-08 10:44:05,400 - INFO - content: 3,621.6/5,0000m3
2024-03-08 10:44:16,431 - INFO - capacity: 36216
2024-03-08 10:44:17,822 - INFO - content: 3,621.6/5,0000m3
2024-03-08 10:44:28,840 - INFO - capacity: 36216
2024-03-08 10:44:30,260 - INFO - content: 3,939.0/5,0000m
2024-03-08 10:44:41,277 - INFO - capacity: 39390
2024-03-08 10:44:42,689 - INFO - content: 3,996.4/5,0000m
2024-03-08 10:44:53,697 - INFO - capacity: 39964
2024-03-08 10:44:55,090 - INFO - content: 3,996.4/5,0000ma
2024-03-08 10:45:06,079 - INFO - capacity: 39964
2024-03-08 10:45:07,472 - INFO - content: 3,996.4/5,0000ma
2024-03-08 10:45:18,495 - INFO - capacity: 39964
2024-03-08 10:45:19,897 - INFO - content: 3,996.4/5,0000ma
2024-03-08 10:45:30,888 - INFO - capacity: 39964
2024-03-08 10:45:32,301 - INFO - content: 4,313.8/5,0000m
2024-03-08 10:45:43,323 - INFO - capacity: 43138
2024-03-08 10:45:44,729 - INFO - content: 4371.2/5,0000ma
2024-03-08 10:45:55,729 - INFO - capacity: 43712
2024-03-08 10:45:57,136 - INFO - content: 4371.2/5,0000ma
2024-03-08 10:46:08,172 - INFO - capacity: 43712
2024-03-08 10:46:09,587 - INFO - content: 4371.2/5,0000m3
2024-03-08 10:46:20,637 - INFO - capacity: 43712
2024-03-08 10:46:22,041 - INFO - content: 4371.2/5,0000ma
2024-03-08 10:46:33,055 - INFO - capacity: 43712
2024-03-08 10:46:34,445 - INFO - content: 4,688.6/5,0000m3
2024-03-08 10:46:45,441 - INFO - capacity: 46886
2024-03-08 10:46:46,828 - INFO - content: 4,746.0/5,0000ma
2024-03-08 10:46:57,846 - INFO - capacity: 47460
2024-03-08 10:46:59,249 - INFO - content: 4,746.0/5,0000ma
2024-03-08 10:47:10,304 - INFO - capacity: 47460
2024-03-08 10:47:11,709 - INFO - content: 4,746.0/5,0000ma
2024-03-08 10:47:22,738 - INFO - capacity: 47460
2024-03-08 10:47:24,144 - INFO - content: 4,904.7/5,0000ma
2024-03-08 10:47:35,164 - INFO - capacity: 49047
2024-03-08 10:47:36,568 - INFO - content: 5,000.0/5,0000ma
2024-03-08 10:47:36,569 - INFO - 货舱已满，回家
2024-03-08 10:47:49,636 - INFO - 开始返回空间站
2024-03-08 10:48:01,909 - INFO - 开始“停靠”
2024-03-08 10:48:44,047 - INFO - 已经返回空间站
2024-03-08 10:48:48,072 - INFO - 卸货
2024-03-08 10:48:53,383 - INFO - 出站
2024-03-08 10:49:04,943 - INFO - 找不到要去矿带
2024-03-08 10:49:54,068 - INFO - 到达矿场
2024-03-08 10:50:11,636 - INFO - 矿石选择成功
2024-03-08 10:50:11,636 - INFO - 找到一块矿石
2024-03-08 10:51:22,007 - INFO - 已经接近矿石
2024-03-08 10:51:51,793 - INFO - 开始锁定并挖矿
2024-03-08 10:51:53,183 - INFO - content: 0/5,0000m3
2024-03-08 10:52:03,184 - INFO - capacity: 0
2024-03-08 10:52:04,576 - INFO - content: 0/5,0000m3
2024-03-08 10:52:15,589 - INFO - capacity: 0
2024-03-08 10:52:16,978 - INFO - content: 0/5,0000m3
2024-03-08 10:52:28,032 - INFO - capacity: 0
2024-03-08 10:52:29,419 - INFO - content: 0/5,0000m3
2024-03-08 10:52:35,803 - INFO - capacity: 0
2024-03-08 10:52:37,208 - INFO - content: 0/5,0000m3
2024-03-08 10:52:48,228 - INFO - capacity: 0
2024-03-08 10:52:49,639 - INFO - content: 317.4/5,0000m3
2024-03-08 10:53:00,649 - INFO - capacity: 3174
2024-03-08 10:53:02,060 - INFO - content: 3748/5,0000m3
2024-03-08 10:53:13,071 - INFO - capacity: 3748
2024-03-08 10:53:14,484 - INFO - content: 3748/5,0000m3
2024-03-08 10:53:25,503 - INFO - capacity: 3748
2024-03-08 10:53:26,920 - INFO - content: 3748/5,0000m3
2024-03-08 10:53:37,925 - INFO - capacity: 3748
2024-03-08 10:53:39,345 - INFO - content: 3748/5,0000m3
2024-03-08 10:53:50,364 - INFO - capacity: 3748
2024-03-08 10:53:51,770 - INFO - content: 692.2/5,0000m3
2024-03-08 10:54:02,786 - INFO - capacity: 6922
2024-03-08 10:54:04,194 - INFO - content: 749.6/5,000.0m3
2024-03-08 10:54:15,213 - INFO - capacity: 7496
2024-03-08 10:54:16,616 - INFO - content: 749.6/5,000.0m3
2024-03-08 10:54:27,623 - INFO - capacity: 7496
2024-03-08 10:54:29,041 - INFO - content: 749.6/5,000.0m3
2024-03-08 10:54:40,060 - INFO - capacity: 7496
2024-03-08 10:54:41,462 - INFO - content: 749.6/5,000.0m3
2024-03-08 10:54:52,508 - INFO - capacity: 7496
2024-03-08 10:54:53,926 - INFO - content: 1,067.0/5,0000m3
2024-03-08 10:55:04,936 - INFO - capacity: 10670
2024-03-08 10:55:06,345 - INFO - content: 1,124.4/5,0000ma
2024-03-08 10:55:17,357 - INFO - capacity: 11244
2024-03-08 10:55:18,773 - INFO - content: 1,124.4/5,0000ma
2024-03-08 10:55:29,905 - INFO - capacity: 11244
2024-03-08 10:55:31,315 - INFO - content: 1,124.4/5,0000ma
2024-03-08 10:55:42,316 - INFO - capacity: 11244
2024-03-08 10:55:43,724 - INFO - content: 1,441.8/5,0000m3
2024-03-08 10:55:54,738 - INFO - capacity: 14418
2024-03-08 10:55:56,140 - INFO - content: 1,441.8/5,0000m3
2024-03-08 10:56:07,165 - INFO - capacity: 14418
2024-03-08 10:56:08,583 - INFO - content: 1,499.2/5,000.0m3
2024-03-08 10:56:19,602 - INFO - capacity: 14992
2024-03-08 10:56:21,002 - INFO - content: 1,499.2/5,000.0m3
2024-03-08 10:56:32,020 - INFO - capacity: 14992
2024-03-08 10:56:33,431 - INFO - content: 1,499.2/5,0000m3
2024-03-08 10:56:44,451 - INFO - capacity: 14992
2024-03-08 10:56:45,868 - INFO - content: 1,816.6/5,000.0m
2024-03-08 10:56:56,919 - INFO - capacity: 18166
2024-03-08 10:56:58,336 - INFO - content: 1,816.6/5,0000m3
2024-03-08 10:57:09,390 - INFO - capacity: 18166
2024-03-08 10:57:10,801 - INFO - content: 1,8740/5,0000m3
2024-03-08 10:57:21,826 - INFO - capacity: 18740
2024-03-08 10:57:23,252 - INFO - content: 1,874.0/5,0000m3
2024-03-08 10:57:34,263 - INFO - capacity: 18740
2024-03-08 10:57:35,687 - INFO - content: 1,874.0/5,000.0m3
2024-03-08 10:57:46,697 - INFO - capacity: 18740
2024-03-08 10:57:48,104 - INFO - content: 2,191.4/5,0000m3
2024-03-08 10:57:59,119 - INFO - capacity: 21914
2024-03-08 10:58:00,536 - INFO - content: 2,191.4/5,0000m3
2024-03-08 10:58:11,564 - INFO - capacity: 21914
2024-03-08 10:58:12,968 - INFO - content: 2,248.8/5,0000m
2024-03-08 10:58:24,016 - INFO - capacity: 22488
2024-03-08 10:58:25,427 - INFO - content: 2,248.8/5,0000m
2024-03-08 10:58:36,433 - INFO - capacity: 22488
2024-03-08 10:58:37,826 - INFO - content: 2,248.8/5,0000m
2024-03-08 10:58:48,867 - INFO - capacity: 22488
2024-03-08 10:58:50,294 - INFO - content: 2,566.2/5,0000
2024-03-08 10:59:01,311 - INFO - capacity: 25662
2024-03-08 10:59:02,734 - INFO - content: 2,566.2/5,0000
2024-03-08 10:59:13,755 - INFO - capacity: 25662
2024-03-08 10:59:15,182 - INFO - content: 2,623.6/5,0000
2024-03-08 10:59:26,192 - INFO - capacity: 26236
2024-03-08 10:59:27,614 - INFO - content: 2,623.6/5,0000
2024-03-08 10:59:38,646 - INFO - capacity: 26236
2024-03-08 10:59:40,080 - INFO - content: 2,623.6/5,0000
2024-03-08 10:59:51,092 - INFO - capacity: 26236
2024-03-08 10:59:52,499 - INFO - content: 2,941.0/5,000.0m3
2024-03-08 11:00:03,516 - INFO - capacity: 29410
2024-03-08 11:00:04,930 - INFO - content: 2,941.0/5,000.0m3
2024-03-08 11:00:16,004 - INFO - capacity: 29410
2024-03-08 11:00:17,423 - INFO - content: 2,998.4/5,0000m
2024-03-08 11:00:28,448 - INFO - capacity: 29984
2024-03-08 11:00:29,864 - INFO - content: 2,998.4/5,0000m
2024-03-08 11:00:40,883 - INFO - capacity: 29984
2024-03-08 11:00:42,358 - INFO - content: 
2024-03-08 11:00:53,424 - INFO - capacity: 
2024-03-08 11:00:54,909 - INFO - content: 
2024-03-08 11:01:05,967 - INFO - capacity: 
2024-03-08 11:01:07,447 - INFO - content: 
2024-03-08 11:01:18,508 - INFO - capacity: 
2024-03-08 11:01:19,983 - INFO - content: 
2024-03-08 11:01:31,057 - INFO - capacity: 
2024-03-08 11:01:32,525 - INFO - content: 
2024-03-08 11:01:43,587 - INFO - capacity: 
2024-03-08 11:01:45,072 - INFO - content: 
2024-03-08 11:01:56,143 - INFO - capacity: 
2024-03-08 11:01:57,626 - INFO - content: 
2024-03-08 11:02:08,689 - INFO - capacity: 
2024-03-08 11:02:08,689 - INFO - 货舱长时间不变，重启
